<?xml version="1.0" encoding="UTF-8"?>
<robot generator="Robot 3.0.4 (Python 3.6.5 on win32)" generated="20180719 15:49:42.433">
<suite id="s1" name="2stage-Home &amp; 2stage-LocationManagement-Courier &amp; 2stage-LocationManagement-DC &amp; 2stage-LocationManagement-MOBILE HUB &amp; 2stage-LocationManagement-Shop &amp; 2stage-LocationManagement-Warehouse &amp; 2stage-ParcelImport &amp; 2stage-ActiveDelivery &amp; 2stage-ActiveDelivery-CUSTOMER &amp; 2stage-ApproveTransfer &amp; 2stage-BagSummary &amp; 2stage-DataEntry &amp; 2stage-MoneySummary &amp; 2stage-Scaner &amp; 2stage-Sorting &amp; 2stage-Pickups &amp; 2stage-Driver &amp; 2stage-TrackingDriver &amp; 2stage-DataEntry">
<suite id="s1-s1" name="2stage-Home" source="C:\Users\MP1CCTG4\Documents\QA_2stage\2stage-Home.Robot">
<test id="s1-s1-t1" name="2Stage website Home Admin Change Password X">
<kw name="Login to 2Stage by">
<arguments>
<arg>${admin_username}</arg>
<arg>${admin_password}</arg>
</arguments>
<kw name="Open Browser" library="Selenium2Library">
<doc>Opens a new browser instance to the given ``url``.</doc>
<arguments>
<arg>${url_login}</arg>
<arg>chrome</arg>
</arguments>
<msg timestamp="20180719 15:49:42.637" level="INFO">Opening browser 'chrome' to base url 'https://staging.customer.sendit.asia/th/2stage/login'.</msg>
<status status="PASS" starttime="20180719 15:49:42.637" endtime="20180719 15:49:49.070"></status>
</kw>
<kw name="Maximize Browser Window" library="Selenium2Library">
<doc>Maximizes current browser window.</doc>
<status status="PASS" starttime="20180719 15:49:49.070" endtime="20180719 15:49:50.203"></status>
</kw>
<kw name="Element Should Be Visible" library="Selenium2Library">
<doc>Verifies that the element identified by ``locator`` is visible.</doc>
<arguments>
<arg>${css_login_modal}</arg>
<arg>5s</arg>
</arguments>
<msg timestamp="20180719 15:49:50.267" level="INFO">Element 'css=div.login-container__loginform___2rEJe' is displayed.</msg>
<status status="PASS" starttime="20180719 15:49:50.204" endtime="20180719 15:49:50.267"></status>
</kw>
<kw name="Input Text" library="Selenium2Library">
<doc>Types the given ``text`` into text field identified by ``locator``.</doc>
<arguments>
<arg>${css_username}</arg>
<arg>${username}</arg>
</arguments>
<msg timestamp="20180719 15:49:50.268" level="INFO">Typing text 'test_admin@sendit.asia' into text field '//div[1]/div/div/div/div[1]/input'.</msg>
<status status="PASS" starttime="20180719 15:49:50.267" endtime="20180719 15:49:50.482"></status>
</kw>
<kw name="Input Text" library="Selenium2Library">
<doc>Types the given ``text`` into text field identified by ``locator``.</doc>
<arguments>
<arg>${css_password}</arg>
<arg>${password}</arg>
</arguments>
<msg timestamp="20180719 15:49:50.483" level="INFO">Typing text 'sendit1234' into text field '//div[1]/div/div/div/div[2]/input'.</msg>
<status status="PASS" starttime="20180719 15:49:50.483" endtime="20180719 15:49:50.608"></status>
</kw>
<kw name="Sleep" library="BuiltIn">
<doc>Pauses the test executed for the given time.</doc>
<arguments>
<arg>3s</arg>
</arguments>
<msg timestamp="20180719 15:49:53.623" level="INFO">Slept 3 seconds</msg>
<status status="PASS" starttime="20180719 15:49:50.608" endtime="20180719 15:49:53.623"></status>
</kw>
<kw name="Click Element" library="Selenium2Library">
<doc>Click element identified by ``locator``.</doc>
<arguments>
<arg>${css_loginbtn}</arg>
</arguments>
<msg timestamp="20180719 15:49:53.623" level="INFO">Clicking element '//div[1]/div/div/div/div[3]/button'.</msg>
<status status="PASS" starttime="20180719 15:49:53.623" endtime="20180719 15:49:53.701"></status>
</kw>
<kw name="Sleep" library="BuiltIn">
<doc>Pauses the test executed for the given time.</doc>
<arguments>
<arg>1s</arg>
</arguments>
<msg timestamp="20180719 15:49:54.704" level="INFO">Slept 1 second</msg>
<status status="PASS" starttime="20180719 15:49:53.701" endtime="20180719 15:49:54.704"></status>
</kw>
<status status="PASS" starttime="20180719 15:49:42.637" endtime="20180719 15:49:54.704"></status>
</kw>
<kw name="Change Password X">
<kw name="Wait Until Element Is Visible" library="Selenium2Library">
<doc>Waits until element ``locator`` is visible.</doc>
<arguments>
<arg>css=.globalnav-component__menulist___279ou</arg>
</arguments>
<status status="PASS" starttime="20180719 15:49:54.706" endtime="20180719 15:49:55.133"></status>
</kw>
<kw name="Mouse Over" library="Selenium2Library">
<doc>Simulates hovering mouse over the element ``locator``.</doc>
<arguments>
<arg>css=.globalnav-component__menulist___279ou .globalnav-component__menutext___v7ebC</arg>
</arguments>
<msg timestamp="20180719 15:49:55.134" level="INFO">Simulating Mouse Over on element 'css=.globalnav-component__menulist___279ou .globalnav-component__menutext___v7ebC'.</msg>
<status status="PASS" starttime="20180719 15:49:55.134" endtime="20180719 15:49:55.330"></status>
</kw>
<kw name="Sleep" library="BuiltIn">
<doc>Pauses the test executed for the given time.</doc>
<arguments>
<arg>1s</arg>
</arguments>
<msg timestamp="20180719 15:49:56.343" level="INFO">Slept 1 second</msg>
<status status="PASS" starttime="20180719 15:49:55.330" endtime="20180719 15:49:56.344"></status>
</kw>
<kw name="Click Element" library="Selenium2Library">
<doc>Click element identified by ``locator``.</doc>
<arguments>
<arg>//*[contains(text(),'Change password')]</arg>
</arguments>
<msg timestamp="20180719 15:49:56.345" level="INFO">Clicking element '//*[contains(text(),'Change password')]'.</msg>
<status status="PASS" starttime="20180719 15:49:56.344" endtime="20180719 15:49:56.432"></status>
</kw>
<kw name="Wait Until Element Is Visible" library="Selenium2Library">
<doc>Waits until element ``locator`` is visible.</doc>
<arguments>
<arg>${css_Xbtn}</arg>
<arg>5s</arg>
</arguments>
<status status="PASS" starttime="20180719 15:49:56.432" endtime="20180719 15:49:56.463"></status>
</kw>
<kw name="Click Element" library="Selenium2Library">
<doc>Click element identified by ``locator``.</doc>
<arguments>
<arg>${css_Xbtn}</arg>
</arguments>
<msg timestamp="20180719 15:49:56.463" level="INFO">Clicking element '//div[1]/div/div/div[1]/div[1]/div/button'.</msg>
<status status="PASS" starttime="20180719 15:49:56.463" endtime="20180719 15:49:56.541"></status>
</kw>
<status status="PASS" starttime="20180719 15:49:54.706" endtime="20180719 15:49:56.541"></status>
</kw>
<kw name="Sleep" library="BuiltIn">
<doc>Pauses the test executed for the given time.</doc>
<arguments>
<arg>3s</arg>
</arguments>
<msg timestamp="20180719 15:49:59.553" level="INFO">Slept 3 seconds</msg>
<status status="PASS" starttime="20180719 15:49:56.542" endtime="20180719 15:49:59.553"></status>
</kw>
<kw name="Logout">
<kw name="Wait Until Element Is Visible" library="Selenium2Library">
<doc>Waits until element ``locator`` is visible.</doc>
<arguments>
<arg>css=.globalnav-component__menulist___279ou</arg>
</arguments>
<status status="PASS" starttime="20180719 15:49:59.554" endtime="20180719 15:49:59.576"></status>
</kw>
<kw name="Mouse Over" library="Selenium2Library">
<doc>Simulates hovering mouse over the element ``locator``.</doc>
<arguments>
<arg>css=.globalnav-component__menulist___279ou .globalnav-component__menutext___v7ebC</arg>
</arguments>
<msg timestamp="20180719 15:49:59.576" level="INFO">Simulating Mouse Over on element 'css=.globalnav-component__menulist___279ou .globalnav-component__menutext___v7ebC'.</msg>
<status status="PASS" starttime="20180719 15:49:59.576" endtime="20180719 15:49:59.610"></status>
</kw>
<kw name="Sleep" library="BuiltIn">
<doc>Pauses the test executed for the given time.</doc>
<arguments>
<arg>5s</arg>
</arguments>
<msg timestamp="20180719 15:50:04.623" level="INFO">Slept 5 seconds</msg>
<status status="PASS" starttime="20180719 15:49:59.610" endtime="20180719 15:50:04.623"></status>
</kw>
<kw name="Click Element" library="Selenium2Library">
<doc>Click element identified by ``locator``.</doc>
<arguments>
<arg>//*[contains(text(),'Logout')]</arg>
</arguments>
<msg timestamp="20180719 15:50:04.623" level="INFO">Clicking element '//*[contains(text(),'Logout')]'.</msg>
<status status="PASS" starttime="20180719 15:50:04.623" endtime="20180719 15:50:04.769"></status>
</kw>
<kw name="Sleep" library="BuiltIn">
<doc>Pauses the test executed for the given time.</doc>
<arguments>
<arg>5s</arg>
</arguments>
<msg timestamp="20180719 15:50:09.770" level="INFO">Slept 5 seconds</msg>
<status status="PASS" starttime="20180719 15:50:04.769" endtime="20180719 15:50:09.770"></status>
</kw>
<kw name="Confirm Action" library="Selenium2Library">
<doc>Deprecated. Use `Handle Alert` instead.</doc>
<status status="PASS" starttime="20180719 15:50:09.771" endtime="20180719 15:50:09.782"></status>
</kw>
<kw name="Sleep" library="BuiltIn">
<doc>Pauses the test executed for the given time.</doc>
<arguments>
<arg>3s</arg>
</arguments>
<msg timestamp="20180719 15:50:12.793" level="INFO">Slept 3 seconds</msg>
<status status="PASS" starttime="20180719 15:50:09.783" endtime="20180719 15:50:12.793"></status>
</kw>
<kw name="Location Should Be" library="Selenium2Library">
<doc>Verifies that current URL is exactly ``url``.</doc>
<arguments>
<arg>https://staging.customer.sendit.asia/th/2stage/login</arg>
</arguments>
<msg timestamp="20180719 15:50:12.814" level="INFO">Current location is 'https://staging.customer.sendit.asia/th/2stage/login'.</msg>
<status status="PASS" starttime="20180719 15:50:12.793" endtime="20180719 15:50:12.814"></status>
</kw>
<status status="PASS" starttime="20180719 15:49:59.554" endtime="20180719 15:50:12.815"></status>
</kw>
<status status="PASS" starttime="20180719 15:49:42.637" endtime="20180719 15:50:12.816" critical="yes"></status>
</test>
<test id="s1-s1-t2" name="2Stage website Home Admin Change Password 12341234">
<kw name="Login to 2Stage by">
<arguments>
<arg>${admin_username}</arg>
<arg>${admin_password}</arg>
</arguments>
<kw name="Open Browser" library="Selenium2Library">
<doc>Opens a new browser instance to the given ``url``.</doc>
<arguments>
<arg>${url_login}</arg>
<arg>chrome</arg>
</arguments>
<msg timestamp="20180719 15:50:12.828" level="INFO">Opening browser 'chrome' to base url 'https://staging.customer.sendit.asia/th/2stage/login'.</msg>
<status status="PASS" starttime="20180719 15:50:12.827" endtime="20180719 15:50:19.979"></status>
</kw>
<kw name="Maximize Browser Window" library="Selenium2Library">
<doc>Maximizes current browser window.</doc>
<status status="PASS" starttime="20180719 15:50:19.979" endtime="20180719 15:50:21.113"></status>
</kw>
<kw name="Element Should Be Visible" library="Selenium2Library">
<doc>Verifies that the element identified by ``locator`` is visible.</doc>
<arguments>
<arg>${css_login_modal}</arg>
<arg>5s</arg>
</arguments>
<msg timestamp="20180719 15:50:21.168" level="INFO">Element 'css=div.login-container__loginform___2rEJe' is displayed.</msg>
<status status="PASS" starttime="20180719 15:50:21.113" endtime="20180719 15:50:21.168"></status>
</kw>
<kw name="Input Text" library="Selenium2Library">
<doc>Types the given ``text`` into text field identified by ``locator``.</doc>
<arguments>
<arg>${css_username}</arg>
<arg>${username}</arg>
</arguments>
<msg timestamp="20180719 15:50:21.169" level="INFO">Typing text 'test_admin@sendit.asia' into text field '//div[1]/div/div/div/div[1]/input'.</msg>
<status status="PASS" starttime="20180719 15:50:21.168" endtime="20180719 15:50:21.393"></status>
</kw>
<kw name="Input Text" library="Selenium2Library">
<doc>Types the given ``text`` into text field identified by ``locator``.</doc>
<arguments>
<arg>${css_password}</arg>
<arg>${password}</arg>
</arguments>
<msg timestamp="20180719 15:50:21.394" level="INFO">Typing text 'sendit1234' into text field '//div[1]/div/div/div/div[2]/input'.</msg>
<status status="PASS" starttime="20180719 15:50:21.394" endtime="20180719 15:50:21.513"></status>
</kw>
<kw name="Sleep" library="BuiltIn">
<doc>Pauses the test executed for the given time.</doc>
<arguments>
<arg>3s</arg>
</arguments>
<msg timestamp="20180719 15:50:24.523" level="INFO">Slept 3 seconds</msg>
<status status="PASS" starttime="20180719 15:50:21.513" endtime="20180719 15:50:24.523"></status>
</kw>
<kw name="Click Element" library="Selenium2Library">
<doc>Click element identified by ``locator``.</doc>
<arguments>
<arg>${css_loginbtn}</arg>
</arguments>
<msg timestamp="20180719 15:50:24.523" level="INFO">Clicking element '//div[1]/div/div/div/div[3]/button'.</msg>
<status status="PASS" starttime="20180719 15:50:24.523" endtime="20180719 15:50:24.611"></status>
</kw>
<kw name="Sleep" library="BuiltIn">
<doc>Pauses the test executed for the given time.</doc>
<arguments>
<arg>1s</arg>
</arguments>
<msg timestamp="20180719 15:50:25.613" level="INFO">Slept 1 second</msg>
<status status="PASS" starttime="20180719 15:50:24.611" endtime="20180719 15:50:25.613"></status>
</kw>
<status status="PASS" starttime="20180719 15:50:12.826" endtime="20180719 15:50:25.613"></status>
</kw>
<kw name="Change Password Save">
<kw name="Wait Until Element Is Visible" library="Selenium2Library">
<doc>Waits until element ``locator`` is visible.</doc>
<arguments>
<arg>css=.globalnav-component__menulist___279ou</arg>
</arguments>
<status status="PASS" starttime="20180719 15:50:25.615" endtime="20180719 15:50:25.874"></status>
</kw>
<kw name="Mouse Over" library="Selenium2Library">
<doc>Simulates hovering mouse over the element ``locator``.</doc>
<arguments>
<arg>css=.globalnav-component__menulist___279ou .globalnav-component__menutext___v7ebC</arg>
</arguments>
<msg timestamp="20180719 15:50:25.875" level="INFO">Simulating Mouse Over on element 'css=.globalnav-component__menulist___279ou .globalnav-component__menutext___v7ebC'.</msg>
<status status="PASS" starttime="20180719 15:50:25.875" endtime="20180719 15:50:26.280"></status>
</kw>
<kw name="Sleep" library="BuiltIn">
<doc>Pauses the test executed for the given time.</doc>
<arguments>
<arg>1s</arg>
</arguments>
<msg timestamp="20180719 15:50:27.293" level="INFO">Slept 1 second</msg>
<status status="PASS" starttime="20180719 15:50:26.280" endtime="20180719 15:50:27.293"></status>
</kw>
<kw name="Click Element" library="Selenium2Library">
<doc>Click element identified by ``locator``.</doc>
<arguments>
<arg>//*[contains(text(),'Change password')]</arg>
</arguments>
<msg timestamp="20180719 15:50:27.293" level="INFO">Clicking element '//*[contains(text(),'Change password')]'.</msg>
<status status="PASS" starttime="20180719 15:50:27.293" endtime="20180719 15:50:27.410"></status>
</kw>
<kw name="Wait Until Element Is Visible" library="Selenium2Library">
<doc>Waits until element ``locator`` is visible.</doc>
<arguments>
<arg>${css_CurrentPassword}</arg>
<arg>5s</arg>
</arguments>
<status status="PASS" starttime="20180719 15:50:27.410" endtime="20180719 15:50:27.448"></status>
</kw>
<kw name="Click Element" library="Selenium2Library">
<doc>Click element identified by ``locator``.</doc>
<arguments>
<arg>${css_CurrentPassword}</arg>
</arguments>
<msg timestamp="20180719 15:50:27.448" level="INFO">Clicking element '//div[1]/div/div/div[1]/div[1]/div/div/div[2]/div[1]/input'.</msg>
<status status="PASS" starttime="20180719 15:50:27.448" endtime="20180719 15:50:27.513"></status>
</kw>
<kw name="Input Text" library="Selenium2Library">
<doc>Types the given ``text`` into text field identified by ``locator``.</doc>
<arguments>
<arg>${css_CurrentPassword}</arg>
<arg>${CurrentPassword}</arg>
</arguments>
<msg timestamp="20180719 15:50:27.514" level="INFO">Typing text 'sendit1234' into text field '//div[1]/div/div/div[1]/div[1]/div/div/div[2]/div[1]/input'.</msg>
<status status="PASS" starttime="20180719 15:50:27.513" endtime="20180719 15:50:27.647"></status>
</kw>
<kw name="Wait Until Element Is Visible" library="Selenium2Library">
<doc>Waits until element ``locator`` is visible.</doc>
<arguments>
<arg>${css_NewPassword}</arg>
<arg>5s</arg>
</arguments>
<status status="PASS" starttime="20180719 15:50:27.647" endtime="20180719 15:50:27.687"></status>
</kw>
<kw name="Click Element" library="Selenium2Library">
<doc>Click element identified by ``locator``.</doc>
<arguments>
<arg>${css_NewPassword}</arg>
</arguments>
<msg timestamp="20180719 15:50:27.688" level="INFO">Clicking element '//div[1]/div/div/div[1]/div[1]/div/div/div[2]/div[2]/input'.</msg>
<status status="PASS" starttime="20180719 15:50:27.687" endtime="20180719 15:50:27.778"></status>
</kw>
<kw name="Input Text" library="Selenium2Library">
<doc>Types the given ``text`` into text field identified by ``locator``.</doc>
<arguments>
<arg>${css_NewPassword}</arg>
<arg>${NewPassword}</arg>
</arguments>
<msg timestamp="20180719 15:50:27.779" level="INFO">Typing text '12341234' into text field '//div[1]/div/div/div[1]/div[1]/div/div/div[2]/div[2]/input'.</msg>
<status status="PASS" starttime="20180719 15:50:27.778" endtime="20180719 15:50:27.891"></status>
</kw>
<kw name="Wait Until Element Is Visible" library="Selenium2Library">
<doc>Waits until element ``locator`` is visible.</doc>
<arguments>
<arg>${css_ConfirmPassword}</arg>
<arg>5s</arg>
</arguments>
<status status="PASS" starttime="20180719 15:50:27.891" endtime="20180719 15:50:27.954"></status>
</kw>
<kw name="Click Element" library="Selenium2Library">
<doc>Click element identified by ``locator``.</doc>
<arguments>
<arg>${css_ConfirmPassword}</arg>
</arguments>
<msg timestamp="20180719 15:50:27.954" level="INFO">Clicking element '//div[1]/div/div/div[1]/div[1]/div/div/div[2]/div[3]/input'.</msg>
<status status="PASS" starttime="20180719 15:50:27.954" endtime="20180719 15:50:28.025"></status>
</kw>
<kw name="Input Text" library="Selenium2Library">
<doc>Types the given ``text`` into text field identified by ``locator``.</doc>
<arguments>
<arg>${css_ConfirmPassword}</arg>
<arg>${ConfirmPassword}</arg>
</arguments>
<msg timestamp="20180719 15:50:28.026" level="INFO">Typing text '12341234' into text field '//div[1]/div/div/div[1]/div[1]/div/div/div[2]/div[3]/input'.</msg>
<status status="PASS" starttime="20180719 15:50:28.025" endtime="20180719 15:50:28.135"></status>
</kw>
<kw name="Wait Until Element Is Visible" library="Selenium2Library">
<doc>Waits until element ``locator`` is visible.</doc>
<arguments>
<arg>${css_ChangePasswordbtn}</arg>
<arg>5s</arg>
</arguments>
<status status="PASS" starttime="20180719 15:50:28.135" endtime="20180719 15:50:28.171"></status>
</kw>
<kw name="Click Element" library="Selenium2Library">
<doc>Click element identified by ``locator``.</doc>
<arguments>
<arg>${css_ChangePasswordbtn}</arg>
</arguments>
<msg timestamp="20180719 15:50:28.171" level="INFO">Clicking element '//div[1]/div/div/div[1]/div[1]/div/div/div[2]/div[4]/button'.</msg>
<status status="PASS" starttime="20180719 15:50:28.171" endtime="20180719 15:50:28.261"></status>
</kw>
<status status="PASS" starttime="20180719 15:50:25.614" endtime="20180719 15:50:28.261"></status>
</kw>
<kw name="Sleep" library="BuiltIn">
<doc>Pauses the test executed for the given time.</doc>
<arguments>
<arg>3s</arg>
</arguments>
<msg timestamp="20180719 15:50:31.273" level="INFO">Slept 3 seconds</msg>
<status status="PASS" starttime="20180719 15:50:28.262" endtime="20180719 15:50:31.273"></status>
</kw>
<kw name="Logout">
<kw name="Wait Until Element Is Visible" library="Selenium2Library">
<doc>Waits until element ``locator`` is visible.</doc>
<arguments>
<arg>css=.globalnav-component__menulist___279ou</arg>
</arguments>
<status status="PASS" starttime="20180719 15:50:31.273" endtime="20180719 15:50:31.291"></status>
</kw>
<kw name="Mouse Over" library="Selenium2Library">
<doc>Simulates hovering mouse over the element ``locator``.</doc>
<arguments>
<arg>css=.globalnav-component__menulist___279ou .globalnav-component__menutext___v7ebC</arg>
</arguments>
<msg timestamp="20180719 15:50:31.291" level="INFO">Simulating Mouse Over on element 'css=.globalnav-component__menulist___279ou .globalnav-component__menutext___v7ebC'.</msg>
<status status="PASS" starttime="20180719 15:50:31.291" endtime="20180719 15:50:31.321"></status>
</kw>
<kw name="Sleep" library="BuiltIn">
<doc>Pauses the test executed for the given time.</doc>
<arguments>
<arg>5s</arg>
</arguments>
<msg timestamp="20180719 15:50:36.323" level="INFO">Slept 5 seconds</msg>
<status status="PASS" starttime="20180719 15:50:31.321" endtime="20180719 15:50:36.323"></status>
</kw>
<kw name="Click Element" library="Selenium2Library">
<doc>Click element identified by ``locator``.</doc>
<arguments>
<arg>//*[contains(text(),'Logout')]</arg>
</arguments>
<msg timestamp="20180719 15:50:36.323" level="INFO">Clicking element '//*[contains(text(),'Logout')]'.</msg>
<status status="PASS" starttime="20180719 15:50:36.323" endtime="20180719 15:50:36.395"></status>
</kw>
<kw name="Sleep" library="BuiltIn">
<doc>Pauses the test executed for the given time.</doc>
<arguments>
<arg>5s</arg>
</arguments>
<msg timestamp="20180719 15:50:41.396" level="INFO">Slept 5 seconds</msg>
<status status="PASS" starttime="20180719 15:50:36.395" endtime="20180719 15:50:41.396"></status>
</kw>
<kw name="Confirm Action" library="Selenium2Library">
<doc>Deprecated. Use `Handle Alert` instead.</doc>
<status status="PASS" starttime="20180719 15:50:41.396" endtime="20180719 15:50:41.400"></status>
</kw>
<kw name="Sleep" library="BuiltIn">
<doc>Pauses the test executed for the given time.</doc>
<arguments>
<arg>3s</arg>
</arguments>
<msg timestamp="20180719 15:50:44.401" level="INFO">Slept 3 seconds</msg>
<status status="PASS" starttime="20180719 15:50:41.401" endtime="20180719 15:50:44.401"></status>
</kw>
<kw name="Location Should Be" library="Selenium2Library">
<doc>Verifies that current URL is exactly ``url``.</doc>
<arguments>
<arg>https://staging.customer.sendit.asia/th/2stage/login</arg>
</arguments>
<msg timestamp="20180719 15:50:44.407" level="INFO">Current location is 'https://staging.customer.sendit.asia/th/2stage/login'.</msg>
<status status="PASS" starttime="20180719 15:50:44.401" endtime="20180719 15:50:44.408"></status>
</kw>
<status status="PASS" starttime="20180719 15:50:31.273" endtime="20180719 15:50:44.408"></status>
</kw>
<status status="PASS" starttime="20180719 15:50:12.822" endtime="20180719 15:50:44.409" critical="yes"></status>
</test>
<test id="s1-s1-t3" name="2Stage website Home Admin Change Password 12345678">
<kw name="Login to 2Stage by">
<arguments>
<arg>${admin_username}</arg>
<arg>${NewPassword}</arg>
</arguments>
<kw name="Open Browser" library="Selenium2Library">
<doc>Opens a new browser instance to the given ``url``.</doc>
<arguments>
<arg>${url_login}</arg>
<arg>chrome</arg>
</arguments>
<msg timestamp="20180719 15:50:44.411" level="INFO">Opening browser 'chrome' to base url 'https://staging.customer.sendit.asia/th/2stage/login'.</msg>
<status status="PASS" starttime="20180719 15:50:44.411" endtime="20180719 15:50:51.494"></status>
</kw>
<kw name="Maximize Browser Window" library="Selenium2Library">
<doc>Maximizes current browser window.</doc>
<status status="PASS" starttime="20180719 15:50:51.494" endtime="20180719 15:50:52.641"></status>
</kw>
<kw name="Element Should Be Visible" library="Selenium2Library">
<doc>Verifies that the element identified by ``locator`` is visible.</doc>
<arguments>
<arg>${css_login_modal}</arg>
<arg>5s</arg>
</arguments>
<msg timestamp="20180719 15:50:52.723" level="INFO">Element 'css=div.login-container__loginform___2rEJe' is displayed.</msg>
<status status="PASS" starttime="20180719 15:50:52.641" endtime="20180719 15:50:52.723"></status>
</kw>
<kw name="Input Text" library="Selenium2Library">
<doc>Types the given ``text`` into text field identified by ``locator``.</doc>
<arguments>
<arg>${css_username}</arg>
<arg>${username}</arg>
</arguments>
<msg timestamp="20180719 15:50:52.725" level="INFO">Typing text 'test_admin@sendit.asia' into text field '//div[1]/div/div/div/div[1]/input'.</msg>
<status status="PASS" starttime="20180719 15:50:52.723" endtime="20180719 15:50:53.069"></status>
</kw>
<kw name="Input Text" library="Selenium2Library">
<doc>Types the given ``text`` into text field identified by ``locator``.</doc>
<arguments>
<arg>${css_password}</arg>
<arg>${password}</arg>
</arguments>
<msg timestamp="20180719 15:50:53.069" level="INFO">Typing text '12341234' into text field '//div[1]/div/div/div/div[2]/input'.</msg>
<status status="PASS" starttime="20180719 15:50:53.069" endtime="20180719 15:50:53.188"></status>
</kw>
<kw name="Sleep" library="BuiltIn">
<doc>Pauses the test executed for the given time.</doc>
<arguments>
<arg>3s</arg>
</arguments>
<msg timestamp="20180719 15:50:56.189" level="INFO">Slept 3 seconds</msg>
<status status="PASS" starttime="20180719 15:50:53.188" endtime="20180719 15:50:56.189"></status>
</kw>
<kw name="Click Element" library="Selenium2Library">
<doc>Click element identified by ``locator``.</doc>
<arguments>
<arg>${css_loginbtn}</arg>
</arguments>
<msg timestamp="20180719 15:50:56.190" level="INFO">Clicking element '//div[1]/div/div/div/div[3]/button'.</msg>
<status status="PASS" starttime="20180719 15:50:56.189" endtime="20180719 15:50:56.280"></status>
</kw>
<kw name="Sleep" library="BuiltIn">
<doc>Pauses the test executed for the given time.</doc>
<arguments>
<arg>1s</arg>
</arguments>
<msg timestamp="20180719 15:50:57.283" level="INFO">Slept 1 second</msg>
<status status="PASS" starttime="20180719 15:50:56.280" endtime="20180719 15:50:57.283"></status>
</kw>
<status status="PASS" starttime="20180719 15:50:44.410" endtime="20180719 15:50:57.283"></status>
</kw>
<kw name="Change Password Save Return">
<kw name="Wait Until Element Is Visible" library="Selenium2Library">
<doc>Waits until element ``locator`` is visible.</doc>
<arguments>
<arg>css=.globalnav-component__menulist___279ou</arg>
</arguments>
<status status="PASS" starttime="20180719 15:50:57.283" endtime="20180719 15:50:57.779"></status>
</kw>
<kw name="Mouse Over" library="Selenium2Library">
<doc>Simulates hovering mouse over the element ``locator``.</doc>
<arguments>
<arg>css=.globalnav-component__menulist___279ou .globalnav-component__menutext___v7ebC</arg>
</arguments>
<msg timestamp="20180719 15:50:57.779" level="INFO">Simulating Mouse Over on element 'css=.globalnav-component__menulist___279ou .globalnav-component__menutext___v7ebC'.</msg>
<status status="PASS" starttime="20180719 15:50:57.779" endtime="20180719 15:50:57.919"></status>
</kw>
<kw name="Sleep" library="BuiltIn">
<doc>Pauses the test executed for the given time.</doc>
<arguments>
<arg>1s</arg>
</arguments>
<msg timestamp="20180719 15:50:58.933" level="INFO">Slept 1 second</msg>
<status status="PASS" starttime="20180719 15:50:57.920" endtime="20180719 15:50:58.933"></status>
</kw>
<kw name="Click Element" library="Selenium2Library">
<doc>Click element identified by ``locator``.</doc>
<arguments>
<arg>//*[contains(text(),'Change password')]</arg>
</arguments>
<msg timestamp="20180719 15:50:58.933" level="INFO">Clicking element '//*[contains(text(),'Change password')]'.</msg>
<status status="PASS" starttime="20180719 15:50:58.933" endtime="20180719 15:50:59.023"></status>
</kw>
<kw name="Wait Until Element Is Visible" library="Selenium2Library">
<doc>Waits until element ``locator`` is visible.</doc>
<arguments>
<arg>${css_CurrentPassword}</arg>
<arg>5s</arg>
</arguments>
<status status="PASS" starttime="20180719 15:50:59.024" endtime="20180719 15:50:59.062"></status>
</kw>
<kw name="Click Element" library="Selenium2Library">
<doc>Click element identified by ``locator``.</doc>
<arguments>
<arg>${css_CurrentPassword}</arg>
</arguments>
<msg timestamp="20180719 15:50:59.062" level="INFO">Clicking element '//div[1]/div/div/div[1]/div[1]/div/div/div[2]/div[1]/input'.</msg>
<status status="PASS" starttime="20180719 15:50:59.062" endtime="20180719 15:50:59.153"></status>
</kw>
<kw name="Sleep" library="BuiltIn">
<doc>Pauses the test executed for the given time.</doc>
<arguments>
<arg>3s</arg>
</arguments>
<msg timestamp="20180719 15:51:02.172" level="INFO">Slept 3 seconds</msg>
<status status="PASS" starttime="20180719 15:50:59.153" endtime="20180719 15:51:02.172"></status>
</kw>
<kw name="Input Text" library="Selenium2Library">
<doc>Types the given ``text`` into text field identified by ``locator``.</doc>
<arguments>
<arg>${css_CurrentPassword}</arg>
<arg>${CurrentPassword2}</arg>
</arguments>
<msg timestamp="20180719 15:51:02.172" level="INFO">Typing text '12341234' into text field '//div[1]/div/div/div[1]/div[1]/div/div/div[2]/div[1]/input'.</msg>
<status status="PASS" starttime="20180719 15:51:02.172" endtime="20180719 15:51:02.302"></status>
</kw>
<kw name="Wait Until Element Is Visible" library="Selenium2Library">
<doc>Waits until element ``locator`` is visible.</doc>
<arguments>
<arg>${css_NewPassword}</arg>
<arg>5s</arg>
</arguments>
<status status="PASS" starttime="20180719 15:51:02.302" endtime="20180719 15:51:02.341"></status>
</kw>
<kw name="Click Element" library="Selenium2Library">
<doc>Click element identified by ``locator``.</doc>
<arguments>
<arg>${css_NewPassword}</arg>
</arguments>
<msg timestamp="20180719 15:51:02.341" level="INFO">Clicking element '//div[1]/div/div/div[1]/div[1]/div/div/div[2]/div[2]/input'.</msg>
<status status="PASS" starttime="20180719 15:51:02.341" endtime="20180719 15:51:02.449"></status>
</kw>
<kw name="Input Text" library="Selenium2Library">
<doc>Types the given ``text`` into text field identified by ``locator``.</doc>
<arguments>
<arg>${css_NewPassword}</arg>
<arg>${NewPassword2}</arg>
</arguments>
<msg timestamp="20180719 15:51:02.449" level="INFO">Typing text 'sendit1234' into text field '//div[1]/div/div/div[1]/div[1]/div/div/div[2]/div[2]/input'.</msg>
<status status="PASS" starttime="20180719 15:51:02.449" endtime="20180719 15:51:02.670"></status>
</kw>
<kw name="Wait Until Element Is Visible" library="Selenium2Library">
<doc>Waits until element ``locator`` is visible.</doc>
<arguments>
<arg>${css_ConfirmPassword}</arg>
<arg>5s</arg>
</arguments>
<status status="PASS" starttime="20180719 15:51:02.670" endtime="20180719 15:51:02.732"></status>
</kw>
<kw name="Click Element" library="Selenium2Library">
<doc>Click element identified by ``locator``.</doc>
<arguments>
<arg>${css_ConfirmPassword}</arg>
</arguments>
<msg timestamp="20180719 15:51:02.733" level="INFO">Clicking element '//div[1]/div/div/div[1]/div[1]/div/div/div[2]/div[3]/input'.</msg>
<status status="PASS" starttime="20180719 15:51:02.732" endtime="20180719 15:51:02.848"></status>
</kw>
<kw name="Input Text" library="Selenium2Library">
<doc>Types the given ``text`` into text field identified by ``locator``.</doc>
<arguments>
<arg>${css_ConfirmPassword}</arg>
<arg>${ConfirmPassword2}</arg>
</arguments>
<msg timestamp="20180719 15:51:02.849" level="INFO">Typing text 'sendit1234' into text field '//div[1]/div/div/div[1]/div[1]/div/div/div[2]/div[3]/input'.</msg>
<status status="PASS" starttime="20180719 15:51:02.848" endtime="20180719 15:51:03.092"></status>
</kw>
<kw name="Wait Until Element Is Visible" library="Selenium2Library">
<doc>Waits until element ``locator`` is visible.</doc>
<arguments>
<arg>${css_ChangePasswordbtn}</arg>
<arg>5s</arg>
</arguments>
<status status="PASS" starttime="20180719 15:51:03.092" endtime="20180719 15:51:03.157"></status>
</kw>
<kw name="Click Element" library="Selenium2Library">
<doc>Click element identified by ``locator``.</doc>
<arguments>
<arg>${css_ChangePasswordbtn}</arg>
</arguments>
<msg timestamp="20180719 15:51:03.158" level="INFO">Clicking element '//div[1]/div/div/div[1]/div[1]/div/div/div[2]/div[4]/button'.</msg>
<status status="PASS" starttime="20180719 15:51:03.158" endtime="20180719 15:51:03.288"></status>
</kw>
<status status="PASS" starttime="20180719 15:50:57.283" endtime="20180719 15:51:03.288"></status>
</kw>
<kw name="Sleep" library="BuiltIn">
<doc>Pauses the test executed for the given time.</doc>
<arguments>
<arg>3s</arg>
</arguments>
<msg timestamp="20180719 15:51:06.303" level="INFO">Slept 3 seconds</msg>
<status status="PASS" starttime="20180719 15:51:03.289" endtime="20180719 15:51:06.303"></status>
</kw>
<kw name="Logout">
<kw name="Wait Until Element Is Visible" library="Selenium2Library">
<doc>Waits until element ``locator`` is visible.</doc>
<arguments>
<arg>css=.globalnav-component__menulist___279ou</arg>
</arguments>
<status status="PASS" starttime="20180719 15:51:06.304" endtime="20180719 15:51:06.313"></status>
</kw>
<kw name="Mouse Over" library="Selenium2Library">
<doc>Simulates hovering mouse over the element ``locator``.</doc>
<arguments>
<arg>css=.globalnav-component__menulist___279ou .globalnav-component__menutext___v7ebC</arg>
</arguments>
<msg timestamp="20180719 15:51:06.313" level="INFO">Simulating Mouse Over on element 'css=.globalnav-component__menulist___279ou .globalnav-component__menutext___v7ebC'.</msg>
<status status="PASS" starttime="20180719 15:51:06.313" endtime="20180719 15:51:06.346"></status>
</kw>
<kw name="Sleep" library="BuiltIn">
<doc>Pauses the test executed for the given time.</doc>
<arguments>
<arg>5s</arg>
</arguments>
<msg timestamp="20180719 15:51:11.350" level="INFO">Slept 5 seconds</msg>
<status status="PASS" starttime="20180719 15:51:06.346" endtime="20180719 15:51:11.351"></status>
</kw>
<kw name="Click Element" library="Selenium2Library">
<doc>Click element identified by ``locator``.</doc>
<arguments>
<arg>//*[contains(text(),'Logout')]</arg>
</arguments>
<msg timestamp="20180719 15:51:11.352" level="INFO">Clicking element '//*[contains(text(),'Logout')]'.</msg>
<status status="PASS" starttime="20180719 15:51:11.351" endtime="20180719 15:51:11.438"></status>
</kw>
<kw name="Sleep" library="BuiltIn">
<doc>Pauses the test executed for the given time.</doc>
<arguments>
<arg>5s</arg>
</arguments>
<msg timestamp="20180719 15:51:16.439" level="INFO">Slept 5 seconds</msg>
<status status="PASS" starttime="20180719 15:51:11.438" endtime="20180719 15:51:16.439"></status>
</kw>
<kw name="Confirm Action" library="Selenium2Library">
<doc>Deprecated. Use `Handle Alert` instead.</doc>
<status status="PASS" starttime="20180719 15:51:16.440" endtime="20180719 15:51:16.451"></status>
</kw>
<kw name="Sleep" library="BuiltIn">
<doc>Pauses the test executed for the given time.</doc>
<arguments>
<arg>3s</arg>
</arguments>
<msg timestamp="20180719 15:51:19.453" level="INFO">Slept 3 seconds</msg>
<status status="PASS" starttime="20180719 15:51:16.451" endtime="20180719 15:51:19.453"></status>
</kw>
<kw name="Location Should Be" library="Selenium2Library">
<doc>Verifies that current URL is exactly ``url``.</doc>
<arguments>
<arg>https://staging.customer.sendit.asia/th/2stage/login</arg>
</arguments>
<msg timestamp="20180719 15:51:19.461" level="INFO">Current location is 'https://staging.customer.sendit.asia/th/2stage/login'.</msg>
<status status="PASS" starttime="20180719 15:51:19.453" endtime="20180719 15:51:19.461"></status>
</kw>
<status status="PASS" starttime="20180719 15:51:06.304" endtime="20180719 15:51:19.461"></status>
</kw>
<status status="PASS" starttime="20180719 15:50:44.410" endtime="20180719 15:51:19.463" critical="yes"></status>
</test>
<kw name="Close All Browsers" library="Selenium2Library" type="teardown">
<doc>Closes all open browsers and resets the browser cache.</doc>
<status status="PASS" starttime="20180719 15:51:19.463" endtime="20180719 15:51:28.745"></status>
</kw>
<status status="PASS" starttime="20180719 15:49:42.461" endtime="20180719 15:51:28.745"></status>
</suite>
<suite id="s1-s2" name="2stage-LocationManagement-Courier" source="C:\Users\MP1CCTG4\Documents\QA_2stage\2stage-LocationManagement-Courier.robot">
<test id="s1-s2-t1" name="2Stage website Edit CANCLE btn">
<kw name="Login to 2Stage by">
<arguments>
<arg>${admin_username}</arg>
<arg>${admin_password}</arg>
</arguments>
<kw name="Open Browser" library="Selenium2Library">
<doc>Opens a new browser instance to the given ``url``.</doc>
<arguments>
<arg>${url_login}</arg>
<arg>chrome</arg>
</arguments>
<msg timestamp="20180719 15:51:28.758" level="INFO">Opening browser 'chrome' to base url 'https://staging.customer.sendit.asia/th/2stage/login'.</msg>
<status status="PASS" starttime="20180719 15:51:28.757" endtime="20180719 15:51:34.899"></status>
</kw>
<kw name="Maximize Browser Window" library="Selenium2Library">
<doc>Maximizes current browser window.</doc>
<status status="PASS" starttime="20180719 15:51:34.899" endtime="20180719 15:51:36.084"></status>
</kw>
<kw name="Element Should Be Visible" library="Selenium2Library">
<doc>Verifies that the element identified by ``locator`` is visible.</doc>
<arguments>
<arg>${css_login_modal}</arg>
<arg>10s</arg>
</arguments>
<msg timestamp="20180719 15:51:36.154" level="INFO">Element 'css=div.login-container__loginform___2rEJe' is displayed.</msg>
<status status="PASS" starttime="20180719 15:51:36.085" endtime="20180719 15:51:36.155"></status>
</kw>
<kw name="Input Text" library="Selenium2Library">
<doc>Types the given ``text`` into text field identified by ``locator``.</doc>
<arguments>
<arg>${css_username}</arg>
<arg>${username}</arg>
</arguments>
<msg timestamp="20180719 15:51:36.156" level="INFO">Typing text 'test_admin@sendit.asia' into text field '//div[1]/div/div/div/div[1]/input'.</msg>
<status status="PASS" starttime="20180719 15:51:36.156" endtime="20180719 15:51:36.461"></status>
</kw>
<kw name="Input Text" library="Selenium2Library">
<doc>Types the given ``text`` into text field identified by ``locator``.</doc>
<arguments>
<arg>${css_password}</arg>
<arg>${password}</arg>
</arguments>
<msg timestamp="20180719 15:51:36.461" level="INFO">Typing text 'sendit1234' into text field '//div[1]/div/div/div/div[2]/input'.</msg>
<status status="PASS" starttime="20180719 15:51:36.461" endtime="20180719 15:51:36.582"></status>
</kw>
<kw name="Sleep" library="BuiltIn">
<doc>Pauses the test executed for the given time.</doc>
<arguments>
<arg>3s</arg>
</arguments>
<msg timestamp="20180719 15:51:39.583" level="INFO">Slept 3 seconds</msg>
<status status="PASS" starttime="20180719 15:51:36.582" endtime="20180719 15:51:39.583"></status>
</kw>
<kw name="Click Element" library="Selenium2Library">
<doc>Click element identified by ``locator``.</doc>
<arguments>
<arg>${css_loginbtn}</arg>
</arguments>
<msg timestamp="20180719 15:51:39.584" level="INFO">Clicking element '//div[1]/div/div/div/div[3]/button'.</msg>
<status status="PASS" starttime="20180719 15:51:39.583" endtime="20180719 15:51:39.676"></status>
</kw>
<kw name="Sleep" library="BuiltIn">
<doc>Pauses the test executed for the given time.</doc>
<arguments>
<arg>1s</arg>
</arguments>
<msg timestamp="20180719 15:51:40.677" level="INFO">Slept 1 second</msg>
<status status="PASS" starttime="20180719 15:51:39.676" endtime="20180719 15:51:40.677"></status>
</kw>
<status status="PASS" starttime="20180719 15:51:28.757" endtime="20180719 15:51:40.677"></status>
</kw>
<kw name="Go to Location Management page">
<kw name="Wait Until Element Is Visible" library="Selenium2Library">
<doc>Waits until element ``locator`` is visible.</doc>
<arguments>
<arg>${css_LocationManagementbtn}</arg>
<arg>5s</arg>
</arguments>
<status status="PASS" starttime="20180719 15:51:40.678" endtime="20180719 15:51:41.273"></status>
</kw>
<kw name="Click Element" library="Selenium2Library">
<doc>Click element identified by ``locator``.</doc>
<arguments>
<arg>${css_LocationManagementbtn}</arg>
</arguments>
<msg timestamp="20180719 15:51:41.273" level="INFO">Clicking element '//div/div/div[2]/ul/li[11]/a/i'.</msg>
<status status="PASS" starttime="20180719 15:51:41.273" endtime="20180719 15:51:41.459"></status>
</kw>
<status status="PASS" starttime="20180719 15:51:40.678" endtime="20180719 15:51:41.459"></status>
</kw>
<kw name="select Courier">
<kw name="Wait Until Element Is Visible" library="Selenium2Library">
<doc>Waits until element ``locator`` is visible.</doc>
<arguments>
<arg>${css_inputSearchLocationManagement}</arg>
<arg>5s</arg>
</arguments>
<status status="PASS" starttime="20180719 15:51:41.460" endtime="20180719 15:51:41.536"></status>
</kw>
<kw name="Click Element" library="Selenium2Library">
<doc>Click element identified by ``locator``.</doc>
<arguments>
<arg>${css_inputSearchLocationManagement}</arg>
</arguments>
<msg timestamp="20180719 15:51:41.536" level="INFO">Clicking element '//div/div/div[3]/div/div[1]/div/input'.</msg>
<status status="PASS" starttime="20180719 15:51:41.536" endtime="20180719 15:51:41.615"></status>
</kw>
<kw name="Wait Until Element Is Visible" library="Selenium2Library">
<doc>Waits until element ``locator`` is visible.</doc>
<arguments>
<arg>${css_Courierbtn}</arg>
<arg>5s</arg>
</arguments>
<status status="PASS" starttime="20180719 15:51:41.615" endtime="20180719 15:51:41.656"></status>
</kw>
<kw name="Click Element" library="Selenium2Library">
<doc>Click element identified by ``locator``.</doc>
<arguments>
<arg>${css_Courierbtn}</arg>
</arguments>
<msg timestamp="20180719 15:51:41.656" level="INFO">Clicking element '//div/div/div[3]/div/div[1]/div/ul/li[1]/span'.</msg>
<status status="PASS" starttime="20180719 15:51:41.656" endtime="20180719 15:51:41.743"></status>
</kw>
<status status="PASS" starttime="20180719 15:51:41.460" endtime="20180719 15:51:41.743"></status>
</kw>
<kw name="select Courier for edit">
<kw name="Wait Until Element Is Visible" library="Selenium2Library">
<doc>Waits until element ``locator`` is visible.</doc>
<arguments>
<arg>${css_SelecetCourierForEdit}</arg>
<arg>5s</arg>
</arguments>
<status status="PASS" starttime="20180719 15:51:41.744" endtime="20180719 15:51:41.784"></status>
</kw>
<kw name="Click Element" library="Selenium2Library">
<doc>Click element identified by ``locator``.</doc>
<arguments>
<arg>${css_SelecetCourierForEdit}</arg>
</arguments>
<msg timestamp="20180719 15:51:41.785" level="INFO">Clicking element '//*[contains(text(),'Line MAN')]'.</msg>
<status status="PASS" starttime="20180719 15:51:41.784" endtime="20180719 15:51:41.870"></status>
</kw>
<kw name="Wait Until Element Is Visible" library="Selenium2Library">
<doc>Waits until element ``locator`` is visible.</doc>
<arguments>
<arg>${css_Editbtn}</arg>
<arg>5s</arg>
</arguments>
<status status="PASS" starttime="20180719 15:51:41.870" endtime="20180719 15:51:41.908"></status>
</kw>
<kw name="Click Element" library="Selenium2Library">
<doc>Click element identified by ``locator``.</doc>
<arguments>
<arg>${css_Editbtn}</arg>
</arguments>
<msg timestamp="20180719 15:51:41.908" level="INFO">Clicking element '//div/div/div[3]/div/div[3]/div/button'.</msg>
<status status="PASS" starttime="20180719 15:51:41.908" endtime="20180719 15:51:41.991"></status>
</kw>
<status status="PASS" starttime="20180719 15:51:41.744" endtime="20180719 15:51:41.991"></status>
</kw>
<kw name="Edit Input Data">
<kw name="Wait Until Element Is Visible" library="Selenium2Library">
<doc>Waits until element ``locator`` is visible.</doc>
<arguments>
<arg>${css_inputCourierName}</arg>
<arg>5s</arg>
</arguments>
<status status="PASS" starttime="20180719 15:51:41.992" endtime="20180719 15:51:42.032"></status>
</kw>
<kw name="Click Element" library="Selenium2Library">
<doc>Click element identified by ``locator``.</doc>
<arguments>
<arg>${css_inputCourierName}</arg>
</arguments>
<msg timestamp="20180719 15:51:42.032" level="INFO">Clicking element '//div/div/div[3]/div/div[3]/div/div[1]/input'.</msg>
<status status="PASS" starttime="20180719 15:51:42.032" endtime="20180719 15:51:42.106"></status>
</kw>
<kw name="Input Text" library="Selenium2Library">
<doc>Types the given ``text`` into text field identified by ``locator``.</doc>
<arguments>
<arg>${css_inputCourierName}</arg>
<arg>${CourierNameEdit}</arg>
</arguments>
<msg timestamp="20180719 15:51:42.107" level="INFO">Typing text 'Line MAN' into text field '//div/div/div[3]/div/div[3]/div/div[1]/input'.</msg>
<status status="PASS" starttime="20180719 15:51:42.107" endtime="20180719 15:51:42.276"></status>
</kw>
<kw name="Wait Until Element Is Visible" library="Selenium2Library">
<doc>Waits until element ``locator`` is visible.</doc>
<arguments>
<arg>${css_inputCourierCode}</arg>
<arg>5s</arg>
</arguments>
<status status="PASS" starttime="20180719 15:51:42.276" endtime="20180719 15:51:42.314"></status>
</kw>
<kw name="Click Element" library="Selenium2Library">
<doc>Click element identified by ``locator``.</doc>
<arguments>
<arg>${css_inputCourierCode}</arg>
</arguments>
<msg timestamp="20180719 15:51:42.314" level="INFO">Clicking element '//div/div/div[3]/div/div[3]/div/div[2]/input'.</msg>
<status status="PASS" starttime="20180719 15:51:42.314" endtime="20180719 15:51:42.391"></status>
</kw>
<kw name="Input Text" library="Selenium2Library">
<doc>Types the given ``text`` into text field identified by ``locator``.</doc>
<arguments>
<arg>${css_inputCourierCode}</arg>
<arg>${CourierCodeEdit}</arg>
</arguments>
<msg timestamp="20180719 15:51:42.391" level="INFO">Typing text 'Line Man' into text field '//div/div/div[3]/div/div[3]/div/div[2]/input'.</msg>
<status status="PASS" starttime="20180719 15:51:42.391" endtime="20180719 15:51:42.568"></status>
</kw>
<kw name="Wait Until Element Is Visible" library="Selenium2Library">
<doc>Waits until element ``locator`` is visible.</doc>
<arguments>
<arg>${css_inputCourierAddress}</arg>
<arg>5s</arg>
</arguments>
<status status="PASS" starttime="20180719 15:51:42.569" endtime="20180719 15:51:42.604"></status>
</kw>
<kw name="Click Element" library="Selenium2Library">
<doc>Click element identified by ``locator``.</doc>
<arguments>
<arg>${css_inputCourierAddress}</arg>
</arguments>
<msg timestamp="20180719 15:51:42.605" level="INFO">Clicking element '//div/div/div[3]/div/div[3]/div/div[3]/textarea'.</msg>
<status status="PASS" starttime="20180719 15:51:42.605" endtime="20180719 15:51:42.710"></status>
</kw>
<kw name="Input Text" library="Selenium2Library">
<doc>Types the given ``text`` into text field identified by ``locator``.</doc>
<arguments>
<arg>${css_inputCourierAddress}</arg>
<arg>${CourierAddressEdit}</arg>
</arguments>
<msg timestamp="20180719 15:51:42.711" level="INFO">Typing text 'Line Man' into text field '//div/div/div[3]/div/div[3]/div/div[3]/textarea'.</msg>
<status status="PASS" starttime="20180719 15:51:42.711" endtime="20180719 15:51:42.926"></status>
</kw>
<status status="PASS" starttime="20180719 15:51:41.992" endtime="20180719 15:51:42.926"></status>
</kw>
<kw name="CANCLE btn">
<kw name="Wait Until Element Is Visible" library="Selenium2Library">
<doc>Waits until element ``locator`` is visible.</doc>
<arguments>
<arg>${css_CreateCANCLEbtn}</arg>
<arg>5s</arg>
</arguments>
<status status="PASS" starttime="20180719 15:51:42.927" endtime="20180719 15:51:42.986"></status>
</kw>
<kw name="Click Element" library="Selenium2Library">
<doc>Click element identified by ``locator``.</doc>
<arguments>
<arg>${css_CreateCANCLEbtn}</arg>
</arguments>
<msg timestamp="20180719 15:51:42.987" level="INFO">Clicking element '//div/div/div[3]/div/div[3]/div/button[2]'.</msg>
<status status="PASS" starttime="20180719 15:51:42.987" endtime="20180719 15:51:43.098"></status>
</kw>
<status status="PASS" starttime="20180719 15:51:42.927" endtime="20180719 15:51:43.099"></status>
</kw>
<status status="PASS" starttime="20180719 15:51:28.756" endtime="20180719 15:51:43.099" critical="yes"></status>
</test>
<test id="s1-s2-t2" name="2Stage website Edit SAVE btn">
<kw name="Login to 2Stage by">
<arguments>
<arg>${admin_username}</arg>
<arg>${admin_password}</arg>
</arguments>
<kw name="Open Browser" library="Selenium2Library">
<doc>Opens a new browser instance to the given ``url``.</doc>
<arguments>
<arg>${url_login}</arg>
<arg>chrome</arg>
</arguments>
<msg timestamp="20180719 15:51:43.104" level="INFO">Opening browser 'chrome' to base url 'https://staging.customer.sendit.asia/th/2stage/login'.</msg>
<status status="PASS" starttime="20180719 15:51:43.104" endtime="20180719 15:51:50.727"></status>
</kw>
<kw name="Maximize Browser Window" library="Selenium2Library">
<doc>Maximizes current browser window.</doc>
<status status="PASS" starttime="20180719 15:51:50.727" endtime="20180719 15:51:51.871"></status>
</kw>
<kw name="Element Should Be Visible" library="Selenium2Library">
<doc>Verifies that the element identified by ``locator`` is visible.</doc>
<arguments>
<arg>${css_login_modal}</arg>
<arg>10s</arg>
</arguments>
<msg timestamp="20180719 15:51:51.946" level="INFO">Element 'css=div.login-container__loginform___2rEJe' is displayed.</msg>
<status status="PASS" starttime="20180719 15:51:51.871" endtime="20180719 15:51:51.946"></status>
</kw>
<kw name="Input Text" library="Selenium2Library">
<doc>Types the given ``text`` into text field identified by ``locator``.</doc>
<arguments>
<arg>${css_username}</arg>
<arg>${username}</arg>
</arguments>
<msg timestamp="20180719 15:51:51.947" level="INFO">Typing text 'test_admin@sendit.asia' into text field '//div[1]/div/div/div/div[1]/input'.</msg>
<status status="PASS" starttime="20180719 15:51:51.946" endtime="20180719 15:51:52.131"></status>
</kw>
<kw name="Input Text" library="Selenium2Library">
<doc>Types the given ``text`` into text field identified by ``locator``.</doc>
<arguments>
<arg>${css_password}</arg>
<arg>${password}</arg>
</arguments>
<msg timestamp="20180719 15:51:52.132" level="INFO">Typing text 'sendit1234' into text field '//div[1]/div/div/div/div[2]/input'.</msg>
<status status="PASS" starttime="20180719 15:51:52.131" endtime="20180719 15:51:52.250"></status>
</kw>
<kw name="Sleep" library="BuiltIn">
<doc>Pauses the test executed for the given time.</doc>
<arguments>
<arg>3s</arg>
</arguments>
<msg timestamp="20180719 15:51:55.250" level="INFO">Slept 3 seconds</msg>
<status status="PASS" starttime="20180719 15:51:52.250" endtime="20180719 15:51:55.250"></status>
</kw>
<kw name="Click Element" library="Selenium2Library">
<doc>Click element identified by ``locator``.</doc>
<arguments>
<arg>${css_loginbtn}</arg>
</arguments>
<msg timestamp="20180719 15:51:55.251" level="INFO">Clicking element '//div[1]/div/div/div/div[3]/button'.</msg>
<status status="PASS" starttime="20180719 15:51:55.250" endtime="20180719 15:51:55.330"></status>
</kw>
<kw name="Sleep" library="BuiltIn">
<doc>Pauses the test executed for the given time.</doc>
<arguments>
<arg>1s</arg>
</arguments>
<msg timestamp="20180719 15:51:56.333" level="INFO">Slept 1 second</msg>
<status status="PASS" starttime="20180719 15:51:55.330" endtime="20180719 15:51:56.333"></status>
</kw>
<status status="PASS" starttime="20180719 15:51:43.103" endtime="20180719 15:51:56.333"></status>
</kw>
<kw name="Go to Location Management page">
<kw name="Wait Until Element Is Visible" library="Selenium2Library">
<doc>Waits until element ``locator`` is visible.</doc>
<arguments>
<arg>${css_LocationManagementbtn}</arg>
<arg>5s</arg>
</arguments>
<status status="PASS" starttime="20180719 15:51:56.333" endtime="20180719 15:51:56.977"></status>
</kw>
<kw name="Click Element" library="Selenium2Library">
<doc>Click element identified by ``locator``.</doc>
<arguments>
<arg>${css_LocationManagementbtn}</arg>
</arguments>
<msg timestamp="20180719 15:51:56.978" level="INFO">Clicking element '//div/div/div[2]/ul/li[11]/a/i'.</msg>
<status status="PASS" starttime="20180719 15:51:56.977" endtime="20180719 15:51:57.117"></status>
</kw>
<status status="PASS" starttime="20180719 15:51:56.333" endtime="20180719 15:51:57.118"></status>
</kw>
<kw name="select Courier">
<kw name="Wait Until Element Is Visible" library="Selenium2Library">
<doc>Waits until element ``locator`` is visible.</doc>
<arguments>
<arg>${css_inputSearchLocationManagement}</arg>
<arg>5s</arg>
</arguments>
<status status="PASS" starttime="20180719 15:51:57.119" endtime="20180719 15:51:57.196"></status>
</kw>
<kw name="Click Element" library="Selenium2Library">
<doc>Click element identified by ``locator``.</doc>
<arguments>
<arg>${css_inputSearchLocationManagement}</arg>
</arguments>
<msg timestamp="20180719 15:51:57.197" level="INFO">Clicking element '//div/div/div[3]/div/div[1]/div/input'.</msg>
<status status="PASS" starttime="20180719 15:51:57.197" endtime="20180719 15:51:57.277"></status>
</kw>
<kw name="Wait Until Element Is Visible" library="Selenium2Library">
<doc>Waits until element ``locator`` is visible.</doc>
<arguments>
<arg>${css_Courierbtn}</arg>
<arg>5s</arg>
</arguments>
<status status="PASS" starttime="20180719 15:51:57.277" endtime="20180719 15:51:57.312"></status>
</kw>
<kw name="Click Element" library="Selenium2Library">
<doc>Click element identified by ``locator``.</doc>
<arguments>
<arg>${css_Courierbtn}</arg>
</arguments>
<msg timestamp="20180719 15:51:57.313" level="INFO">Clicking element '//div/div/div[3]/div/div[1]/div/ul/li[1]/span'.</msg>
<status status="PASS" starttime="20180719 15:51:57.313" endtime="20180719 15:51:57.411"></status>
</kw>
<status status="PASS" starttime="20180719 15:51:57.118" endtime="20180719 15:51:57.411"></status>
</kw>
<kw name="select Courier for edit">
<kw name="Wait Until Element Is Visible" library="Selenium2Library">
<doc>Waits until element ``locator`` is visible.</doc>
<arguments>
<arg>${css_SelecetCourierForEdit}</arg>
<arg>5s</arg>
</arguments>
<status status="PASS" starttime="20180719 15:51:57.412" endtime="20180719 15:51:57.474"></status>
</kw>
<kw name="Click Element" library="Selenium2Library">
<doc>Click element identified by ``locator``.</doc>
<arguments>
<arg>${css_SelecetCourierForEdit}</arg>
</arguments>
<msg timestamp="20180719 15:51:57.474" level="INFO">Clicking element '//*[contains(text(),'Line MAN')]'.</msg>
<status status="PASS" starttime="20180719 15:51:57.474" endtime="20180719 15:51:57.557"></status>
</kw>
<kw name="Wait Until Element Is Visible" library="Selenium2Library">
<doc>Waits until element ``locator`` is visible.</doc>
<arguments>
<arg>${css_Editbtn}</arg>
<arg>5s</arg>
</arguments>
<status status="PASS" starttime="20180719 15:51:57.558" endtime="20180719 15:51:57.596"></status>
</kw>
<kw name="Click Element" library="Selenium2Library">
<doc>Click element identified by ``locator``.</doc>
<arguments>
<arg>${css_Editbtn}</arg>
</arguments>
<msg timestamp="20180719 15:51:57.596" level="INFO">Clicking element '//div/div/div[3]/div/div[3]/div/button'.</msg>
<status status="PASS" starttime="20180719 15:51:57.596" endtime="20180719 15:51:57.695"></status>
</kw>
<status status="PASS" starttime="20180719 15:51:57.412" endtime="20180719 15:51:57.695"></status>
</kw>
<kw name="Edit Input Data">
<kw name="Wait Until Element Is Visible" library="Selenium2Library">
<doc>Waits until element ``locator`` is visible.</doc>
<arguments>
<arg>${css_inputCourierName}</arg>
<arg>5s</arg>
</arguments>
<status status="PASS" starttime="20180719 15:51:57.696" endtime="20180719 15:51:57.736"></status>
</kw>
<kw name="Click Element" library="Selenium2Library">
<doc>Click element identified by ``locator``.</doc>
<arguments>
<arg>${css_inputCourierName}</arg>
</arguments>
<msg timestamp="20180719 15:51:57.736" level="INFO">Clicking element '//div/div/div[3]/div/div[3]/div/div[1]/input'.</msg>
<status status="PASS" starttime="20180719 15:51:57.736" endtime="20180719 15:51:57.807"></status>
</kw>
<kw name="Input Text" library="Selenium2Library">
<doc>Types the given ``text`` into text field identified by ``locator``.</doc>
<arguments>
<arg>${css_inputCourierName}</arg>
<arg>${CourierNameEdit}</arg>
</arguments>
<msg timestamp="20180719 15:51:57.807" level="INFO">Typing text 'Line MAN' into text field '//div/div/div[3]/div/div[3]/div/div[1]/input'.</msg>
<status status="PASS" starttime="20180719 15:51:57.807" endtime="20180719 15:51:57.970"></status>
</kw>
<kw name="Wait Until Element Is Visible" library="Selenium2Library">
<doc>Waits until element ``locator`` is visible.</doc>
<arguments>
<arg>${css_inputCourierCode}</arg>
<arg>5s</arg>
</arguments>
<status status="PASS" starttime="20180719 15:51:57.971" endtime="20180719 15:51:58.007"></status>
</kw>
<kw name="Click Element" library="Selenium2Library">
<doc>Click element identified by ``locator``.</doc>
<arguments>
<arg>${css_inputCourierCode}</arg>
</arguments>
<msg timestamp="20180719 15:51:58.007" level="INFO">Clicking element '//div/div/div[3]/div/div[3]/div/div[2]/input'.</msg>
<status status="PASS" starttime="20180719 15:51:58.007" endtime="20180719 15:51:58.092"></status>
</kw>
<kw name="Input Text" library="Selenium2Library">
<doc>Types the given ``text`` into text field identified by ``locator``.</doc>
<arguments>
<arg>${css_inputCourierCode}</arg>
<arg>${CourierCodeEdit}</arg>
</arguments>
<msg timestamp="20180719 15:51:58.092" level="INFO">Typing text 'Line Man' into text field '//div/div/div[3]/div/div[3]/div/div[2]/input'.</msg>
<status status="PASS" starttime="20180719 15:51:58.092" endtime="20180719 15:51:58.358"></status>
</kw>
<kw name="Wait Until Element Is Visible" library="Selenium2Library">
<doc>Waits until element ``locator`` is visible.</doc>
<arguments>
<arg>${css_inputCourierAddress}</arg>
<arg>5s</arg>
</arguments>
<status status="PASS" starttime="20180719 15:51:58.358" endtime="20180719 15:51:58.420"></status>
</kw>
<kw name="Click Element" library="Selenium2Library">
<doc>Click element identified by ``locator``.</doc>
<arguments>
<arg>${css_inputCourierAddress}</arg>
</arguments>
<msg timestamp="20180719 15:51:58.421" level="INFO">Clicking element '//div/div/div[3]/div/div[3]/div/div[3]/textarea'.</msg>
<status status="PASS" starttime="20180719 15:51:58.420" endtime="20180719 15:51:58.528"></status>
</kw>
<kw name="Input Text" library="Selenium2Library">
<doc>Types the given ``text`` into text field identified by ``locator``.</doc>
<arguments>
<arg>${css_inputCourierAddress}</arg>
<arg>${CourierAddressEdit}</arg>
</arguments>
<msg timestamp="20180719 15:51:58.529" level="INFO">Typing text 'Line Man' into text field '//div/div/div[3]/div/div[3]/div/div[3]/textarea'.</msg>
<status status="PASS" starttime="20180719 15:51:58.528" endtime="20180719 15:51:58.769"></status>
</kw>
<status status="PASS" starttime="20180719 15:51:57.695" endtime="20180719 15:51:58.769"></status>
</kw>
<kw name="SAVE btn">
<kw name="Wait Until Element Is Visible" library="Selenium2Library">
<doc>Waits until element ``locator`` is visible.</doc>
<arguments>
<arg>${css_CreateSAVEbtn}</arg>
<arg>5s</arg>
</arguments>
<status status="PASS" starttime="20180719 15:51:58.771" endtime="20180719 15:51:58.831"></status>
</kw>
<kw name="Click Element" library="Selenium2Library">
<doc>Click element identified by ``locator``.</doc>
<arguments>
<arg>${css_CreateSAVEbtn}</arg>
</arguments>
<msg timestamp="20180719 15:51:58.832" level="INFO">Clicking element '//div/div/div[3]/div/div[3]/div/button[1]'.</msg>
<status status="PASS" starttime="20180719 15:51:58.831" endtime="20180719 15:51:58.937"></status>
</kw>
<status status="PASS" starttime="20180719 15:51:58.770" endtime="20180719 15:51:58.937"></status>
</kw>
<status status="PASS" starttime="20180719 15:51:43.102" endtime="20180719 15:51:58.938" critical="yes"></status>
</test>
<kw name="Close All Browsers" library="Selenium2Library" type="teardown">
<doc>Closes all open browsers and resets the browser cache.</doc>
<status status="PASS" starttime="20180719 15:51:58.941" endtime="20180719 15:52:05.285"></status>
</kw>
<status status="PASS" starttime="20180719 15:51:28.750" endtime="20180719 15:52:05.285"></status>
</suite>
<suite id="s1-s3" name="2stage-LocationManagement-DC" source="C:\Users\MP1CCTG4\Documents\QA_2stage\2stage-LocationManagement-DC.robot">
<test id="s1-s3-t1" name="2Stage website Create CANCLE btn">
<kw name="Login to 2Stage by">
<arguments>
<arg>${admin_username}</arg>
<arg>${admin_password}</arg>
</arguments>
<kw name="Open Browser" library="Selenium2Library">
<doc>Opens a new browser instance to the given ``url``.</doc>
<arguments>
<arg>${url_login}</arg>
<arg>chrome</arg>
</arguments>
<msg timestamp="20180719 15:52:05.302" level="INFO">Opening browser 'chrome' to base url 'https://staging.customer.sendit.asia/th/2stage/login'.</msg>
<status status="PASS" starttime="20180719 15:52:05.302" endtime="20180719 15:52:12.624"></status>
</kw>
<kw name="Maximize Browser Window" library="Selenium2Library">
<doc>Maximizes current browser window.</doc>
<status status="PASS" starttime="20180719 15:52:12.624" endtime="20180719 15:52:13.765"></status>
</kw>
<kw name="Element Should Be Visible" library="Selenium2Library">
<doc>Verifies that the element identified by ``locator`` is visible.</doc>
<arguments>
<arg>${css_login_modal}</arg>
<arg>10s</arg>
</arguments>
<msg timestamp="20180719 15:52:13.814" level="INFO">Element 'css=div.login-container__loginform___2rEJe' is displayed.</msg>
<status status="PASS" starttime="20180719 15:52:13.765" endtime="20180719 15:52:13.814"></status>
</kw>
<kw name="Input Text" library="Selenium2Library">
<doc>Types the given ``text`` into text field identified by ``locator``.</doc>
<arguments>
<arg>${css_username}</arg>
<arg>${username}</arg>
</arguments>
<msg timestamp="20180719 15:52:13.816" level="INFO">Typing text 'test_admin@sendit.asia' into text field '//div[1]/div/div/div/div[1]/input'.</msg>
<status status="PASS" starttime="20180719 15:52:13.814" endtime="20180719 15:52:14.025"></status>
</kw>
<kw name="Input Text" library="Selenium2Library">
<doc>Types the given ``text`` into text field identified by ``locator``.</doc>
<arguments>
<arg>${css_password}</arg>
<arg>${password}</arg>
</arguments>
<msg timestamp="20180719 15:52:14.026" level="INFO">Typing text 'sendit1234' into text field '//div[1]/div/div/div/div[2]/input'.</msg>
<status status="PASS" starttime="20180719 15:52:14.025" endtime="20180719 15:52:14.159"></status>
</kw>
<kw name="Sleep" library="BuiltIn">
<doc>Pauses the test executed for the given time.</doc>
<arguments>
<arg>3s</arg>
</arguments>
<msg timestamp="20180719 15:52:17.161" level="INFO">Slept 3 seconds</msg>
<status status="PASS" starttime="20180719 15:52:14.160" endtime="20180719 15:52:17.161"></status>
</kw>
<kw name="Click Element" library="Selenium2Library">
<doc>Click element identified by ``locator``.</doc>
<arguments>
<arg>${css_loginbtn}</arg>
</arguments>
<msg timestamp="20180719 15:52:17.162" level="INFO">Clicking element '//div[1]/div/div/div/div[3]/button'.</msg>
<status status="PASS" starttime="20180719 15:52:17.161" endtime="20180719 15:52:17.254"></status>
</kw>
<kw name="Sleep" library="BuiltIn">
<doc>Pauses the test executed for the given time.</doc>
<arguments>
<arg>1s</arg>
</arguments>
<msg timestamp="20180719 15:52:18.262" level="INFO">Slept 1 second</msg>
<status status="PASS" starttime="20180719 15:52:17.254" endtime="20180719 15:52:18.262"></status>
</kw>
<status status="PASS" starttime="20180719 15:52:05.301" endtime="20180719 15:52:18.263"></status>
</kw>
<kw name="Go to Location Management page">
<kw name="Wait Until Element Is Visible" library="Selenium2Library">
<doc>Waits until element ``locator`` is visible.</doc>
<arguments>
<arg>${css_LocationManagementbtn}</arg>
<arg>5s</arg>
</arguments>
<status status="PASS" starttime="20180719 15:52:18.265" endtime="20180719 15:52:18.635"></status>
</kw>
<kw name="Click Element" library="Selenium2Library">
<doc>Click element identified by ``locator``.</doc>
<arguments>
<arg>${css_LocationManagementbtn}</arg>
</arguments>
<msg timestamp="20180719 15:52:18.636" level="INFO">Clicking element '//div/div/div[2]/ul/li[11]/a/i'.</msg>
<status status="PASS" starttime="20180719 15:52:18.635" endtime="20180719 15:52:18.927"></status>
</kw>
<status status="PASS" starttime="20180719 15:52:18.264" endtime="20180719 15:52:18.927"></status>
</kw>
<kw name="select DC">
<kw name="Wait Until Element Is Visible" library="Selenium2Library">
<doc>Waits until element ``locator`` is visible.</doc>
<arguments>
<arg>${css_inputSearchLocationManagement}</arg>
<arg>5s</arg>
</arguments>
<status status="PASS" starttime="20180719 15:52:18.929" endtime="20180719 15:52:19.017"></status>
</kw>
<kw name="Click Element" library="Selenium2Library">
<doc>Click element identified by ``locator``.</doc>
<arguments>
<arg>${css_inputSearchLocationManagement}</arg>
</arguments>
<msg timestamp="20180719 15:52:19.018" level="INFO">Clicking element '//div/div/div[3]/div/div[1]/div/input'.</msg>
<status status="PASS" starttime="20180719 15:52:19.018" endtime="20180719 15:52:19.093"></status>
</kw>
<kw name="Wait Until Element Is Visible" library="Selenium2Library">
<doc>Waits until element ``locator`` is visible.</doc>
<arguments>
<arg>${css_DCbtn}</arg>
<arg>5s</arg>
</arguments>
<status status="PASS" starttime="20180719 15:52:19.093" endtime="20180719 15:52:19.147"></status>
</kw>
<kw name="Click Element" library="Selenium2Library">
<doc>Click element identified by ``locator``.</doc>
<arguments>
<arg>${css_DCbtn}</arg>
</arguments>
<msg timestamp="20180719 15:52:19.147" level="INFO">Clicking element '//*[contains(text(),'DC')]'.</msg>
<status status="PASS" starttime="20180719 15:52:19.147" endtime="20180719 15:52:19.234"></status>
</kw>
<status status="PASS" starttime="20180719 15:52:18.928" endtime="20180719 15:52:19.234"></status>
</kw>
<kw name="Create">
<kw name="Wait Until Element Is Visible" library="Selenium2Library">
<doc>Waits until element ``locator`` is visible.</doc>
<arguments>
<arg>${css_CreateNewbtn}</arg>
<arg>5s</arg>
</arguments>
<status status="PASS" starttime="20180719 15:52:19.235" endtime="20180719 15:52:19.273"></status>
</kw>
<kw name="Click Element" library="Selenium2Library">
<doc>Click element identified by ``locator``.</doc>
<arguments>
<arg>${css_CreateNewbtn}</arg>
</arguments>
<msg timestamp="20180719 15:52:19.273" level="INFO">Clicking element '//div/div/div[3]/div/div[2]/div/div[2]/button'.</msg>
<status status="PASS" starttime="20180719 15:52:19.273" endtime="20180719 15:52:19.349"></status>
</kw>
<status status="PASS" starttime="20180719 15:52:19.235" endtime="20180719 15:52:19.350"></status>
</kw>
<kw name="Create Input Data">
<kw name="Wait Until Element Is Visible" library="Selenium2Library">
<doc>Waits until element ``locator`` is visible.</doc>
<arguments>
<arg>${css_inputDCName}</arg>
<arg>5s</arg>
</arguments>
<status status="PASS" starttime="20180719 15:52:19.351" endtime="20180719 15:52:19.388"></status>
</kw>
<kw name="Click Element" library="Selenium2Library">
<doc>Click element identified by ``locator``.</doc>
<arguments>
<arg>${css_inputDCName}</arg>
</arguments>
<msg timestamp="20180719 15:52:19.388" level="INFO">Clicking element '//div/div/div[3]/div/div[3]/div/div[1]/input'.</msg>
<status status="PASS" starttime="20180719 15:52:19.388" endtime="20180719 15:52:19.454"></status>
</kw>
<kw name="Input Text" library="Selenium2Library">
<doc>Types the given ``text`` into text field identified by ``locator``.</doc>
<arguments>
<arg>${css_inputDCName}</arg>
<arg>${DCName}</arg>
</arguments>
<msg timestamp="20180719 15:52:19.455" level="INFO">Typing text 'DC Sukhumvit 25' into text field '//div/div/div[3]/div/div[3]/div/div[1]/input'.</msg>
<status status="PASS" starttime="20180719 15:52:19.454" endtime="20180719 15:52:19.677"></status>
</kw>
<kw name="Wait Until Element Is Visible" library="Selenium2Library">
<doc>Waits until element ``locator`` is visible.</doc>
<arguments>
<arg>${css_inputDCAddress}</arg>
<arg>5s</arg>
</arguments>
<status status="PASS" starttime="20180719 15:52:19.678" endtime="20180719 15:52:19.716"></status>
</kw>
<kw name="Click Element" library="Selenium2Library">
<doc>Click element identified by ``locator``.</doc>
<arguments>
<arg>${css_inputDCAddress}</arg>
</arguments>
<msg timestamp="20180719 15:52:19.716" level="INFO">Clicking element '//div/div/div[3]/div/div[3]/div/div[2]/textarea'.</msg>
<status status="PASS" starttime="20180719 15:52:19.716" endtime="20180719 15:52:19.792"></status>
</kw>
<kw name="Input Text" library="Selenium2Library">
<doc>Types the given ``text`` into text field identified by ``locator``.</doc>
<arguments>
<arg>${css_inputDCAddress}</arg>
<arg>${DCAddress}</arg>
</arguments>
<msg timestamp="20180719 15:52:19.793" level="INFO">Typing text 'Richmond Office Building Soi Sukhumvit 26 Khwaeng Khongton Khet Khongtei Bangkok 10110 (Test Create)' into text field '//div/div/div[3]/div/div[3]/div/div[2]/textarea'.</msg>
<status status="PASS" starttime="20180719 15:52:19.792" endtime="20180719 15:52:21.066"></status>
</kw>
<status status="PASS" starttime="20180719 15:52:19.350" endtime="20180719 15:52:21.066"></status>
</kw>
<kw name="CANCLE btn">
<kw name="Wait Until Element Is Visible" library="Selenium2Library">
<doc>Waits until element ``locator`` is visible.</doc>
<arguments>
<arg>${css_CreateCANCLEbtn}</arg>
<arg>5s</arg>
</arguments>
<status status="PASS" starttime="20180719 15:52:21.067" endtime="20180719 15:52:21.124"></status>
</kw>
<kw name="Click Element" library="Selenium2Library">
<doc>Click element identified by ``locator``.</doc>
<arguments>
<arg>${css_CreateCANCLEbtn}</arg>
</arguments>
<msg timestamp="20180719 15:52:21.125" level="INFO">Clicking element '//div/div/div[3]/div/div[3]/div/div[3]/button[2]/span'.</msg>
<status status="PASS" starttime="20180719 15:52:21.124" endtime="20180719 15:52:21.229"></status>
</kw>
<status status="PASS" starttime="20180719 15:52:21.067" endtime="20180719 15:52:21.229"></status>
</kw>
<status status="PASS" starttime="20180719 15:52:05.301" endtime="20180719 15:52:21.230" critical="yes"></status>
</test>
<test id="s1-s3-t2" name="2Stage website Create SAVE btn">
<kw name="Login to 2Stage by">
<arguments>
<arg>${admin_username}</arg>
<arg>${admin_password}</arg>
</arguments>
<kw name="Open Browser" library="Selenium2Library">
<doc>Opens a new browser instance to the given ``url``.</doc>
<arguments>
<arg>${url_login}</arg>
<arg>chrome</arg>
</arguments>
<msg timestamp="20180719 15:52:21.235" level="INFO">Opening browser 'chrome' to base url 'https://staging.customer.sendit.asia/th/2stage/login'.</msg>
<status status="PASS" starttime="20180719 15:52:21.235" endtime="20180719 15:52:28.418"></status>
</kw>
<kw name="Maximize Browser Window" library="Selenium2Library">
<doc>Maximizes current browser window.</doc>
<status status="PASS" starttime="20180719 15:52:28.418" endtime="20180719 15:52:29.552"></status>
</kw>
<kw name="Element Should Be Visible" library="Selenium2Library">
<doc>Verifies that the element identified by ``locator`` is visible.</doc>
<arguments>
<arg>${css_login_modal}</arg>
<arg>10s</arg>
</arguments>
<msg timestamp="20180719 15:52:29.601" level="INFO">Element 'css=div.login-container__loginform___2rEJe' is displayed.</msg>
<status status="PASS" starttime="20180719 15:52:29.552" endtime="20180719 15:52:29.601"></status>
</kw>
<kw name="Input Text" library="Selenium2Library">
<doc>Types the given ``text`` into text field identified by ``locator``.</doc>
<arguments>
<arg>${css_username}</arg>
<arg>${username}</arg>
</arguments>
<msg timestamp="20180719 15:52:29.601" level="INFO">Typing text 'test_admin@sendit.asia' into text field '//div[1]/div/div/div/div[1]/input'.</msg>
<status status="PASS" starttime="20180719 15:52:29.601" endtime="20180719 15:52:29.788"></status>
</kw>
<kw name="Input Text" library="Selenium2Library">
<doc>Types the given ``text`` into text field identified by ``locator``.</doc>
<arguments>
<arg>${css_password}</arg>
<arg>${password}</arg>
</arguments>
<msg timestamp="20180719 15:52:29.789" level="INFO">Typing text 'sendit1234' into text field '//div[1]/div/div/div/div[2]/input'.</msg>
<status status="PASS" starttime="20180719 15:52:29.788" endtime="20180719 15:52:29.915"></status>
</kw>
<kw name="Sleep" library="BuiltIn">
<doc>Pauses the test executed for the given time.</doc>
<arguments>
<arg>3s</arg>
</arguments>
<msg timestamp="20180719 15:52:32.923" level="INFO">Slept 3 seconds</msg>
<status status="PASS" starttime="20180719 15:52:29.915" endtime="20180719 15:52:32.923"></status>
</kw>
<kw name="Click Element" library="Selenium2Library">
<doc>Click element identified by ``locator``.</doc>
<arguments>
<arg>${css_loginbtn}</arg>
</arguments>
<msg timestamp="20180719 15:52:32.923" level="INFO">Clicking element '//div[1]/div/div/div/div[3]/button'.</msg>
<status status="PASS" starttime="20180719 15:52:32.923" endtime="20180719 15:52:33.038"></status>
</kw>
<kw name="Sleep" library="BuiltIn">
<doc>Pauses the test executed for the given time.</doc>
<arguments>
<arg>1s</arg>
</arguments>
<msg timestamp="20180719 15:52:34.048" level="INFO">Slept 1 second</msg>
<status status="PASS" starttime="20180719 15:52:33.038" endtime="20180719 15:52:34.048"></status>
</kw>
<status status="PASS" starttime="20180719 15:52:21.234" endtime="20180719 15:52:34.049"></status>
</kw>
<kw name="Go to Location Management page">
<kw name="Wait Until Element Is Visible" library="Selenium2Library">
<doc>Waits until element ``locator`` is visible.</doc>
<arguments>
<arg>${css_LocationManagementbtn}</arg>
<arg>5s</arg>
</arguments>
<status status="PASS" starttime="20180719 15:52:34.050" endtime="20180719 15:52:34.519"></status>
</kw>
<kw name="Click Element" library="Selenium2Library">
<doc>Click element identified by ``locator``.</doc>
<arguments>
<arg>${css_LocationManagementbtn}</arg>
</arguments>
<msg timestamp="20180719 15:52:34.520" level="INFO">Clicking element '//div/div/div[2]/ul/li[11]/a/i'.</msg>
<status status="PASS" starttime="20180719 15:52:34.519" endtime="20180719 15:52:34.794"></status>
</kw>
<status status="PASS" starttime="20180719 15:52:34.049" endtime="20180719 15:52:34.794"></status>
</kw>
<kw name="select DC">
<kw name="Wait Until Element Is Visible" library="Selenium2Library">
<doc>Waits until element ``locator`` is visible.</doc>
<arguments>
<arg>${css_inputSearchLocationManagement}</arg>
<arg>5s</arg>
</arguments>
<status status="PASS" starttime="20180719 15:52:34.795" endtime="20180719 15:52:34.872"></status>
</kw>
<kw name="Click Element" library="Selenium2Library">
<doc>Click element identified by ``locator``.</doc>
<arguments>
<arg>${css_inputSearchLocationManagement}</arg>
</arguments>
<msg timestamp="20180719 15:52:34.873" level="INFO">Clicking element '//div/div/div[3]/div/div[1]/div/input'.</msg>
<status status="PASS" starttime="20180719 15:52:34.872" endtime="20180719 15:52:34.959"></status>
</kw>
<kw name="Wait Until Element Is Visible" library="Selenium2Library">
<doc>Waits until element ``locator`` is visible.</doc>
<arguments>
<arg>${css_DCbtn}</arg>
<arg>5s</arg>
</arguments>
<status status="PASS" starttime="20180719 15:52:34.959" endtime="20180719 15:52:34.995"></status>
</kw>
<kw name="Click Element" library="Selenium2Library">
<doc>Click element identified by ``locator``.</doc>
<arguments>
<arg>${css_DCbtn}</arg>
</arguments>
<msg timestamp="20180719 15:52:34.995" level="INFO">Clicking element '//*[contains(text(),'DC')]'.</msg>
<status status="PASS" starttime="20180719 15:52:34.995" endtime="20180719 15:52:35.089"></status>
</kw>
<status status="PASS" starttime="20180719 15:52:34.795" endtime="20180719 15:52:35.089"></status>
</kw>
<kw name="Create">
<kw name="Wait Until Element Is Visible" library="Selenium2Library">
<doc>Waits until element ``locator`` is visible.</doc>
<arguments>
<arg>${css_CreateNewbtn}</arg>
<arg>5s</arg>
</arguments>
<status status="PASS" starttime="20180719 15:52:35.090" endtime="20180719 15:52:35.127"></status>
</kw>
<kw name="Click Element" library="Selenium2Library">
<doc>Click element identified by ``locator``.</doc>
<arguments>
<arg>${css_CreateNewbtn}</arg>
</arguments>
<msg timestamp="20180719 15:52:35.127" level="INFO">Clicking element '//div/div/div[3]/div/div[2]/div/div[2]/button'.</msg>
<status status="PASS" starttime="20180719 15:52:35.127" endtime="20180719 15:52:35.224"></status>
</kw>
<status status="PASS" starttime="20180719 15:52:35.089" endtime="20180719 15:52:35.224"></status>
</kw>
<kw name="Create Input Data">
<kw name="Wait Until Element Is Visible" library="Selenium2Library">
<doc>Waits until element ``locator`` is visible.</doc>
<arguments>
<arg>${css_inputDCName}</arg>
<arg>5s</arg>
</arguments>
<status status="PASS" starttime="20180719 15:52:35.225" endtime="20180719 15:52:35.263"></status>
</kw>
<kw name="Click Element" library="Selenium2Library">
<doc>Click element identified by ``locator``.</doc>
<arguments>
<arg>${css_inputDCName}</arg>
</arguments>
<msg timestamp="20180719 15:52:35.263" level="INFO">Clicking element '//div/div/div[3]/div/div[3]/div/div[1]/input'.</msg>
<status status="PASS" starttime="20180719 15:52:35.263" endtime="20180719 15:52:35.376"></status>
</kw>
<kw name="Input Text" library="Selenium2Library">
<doc>Types the given ``text`` into text field identified by ``locator``.</doc>
<arguments>
<arg>${css_inputDCName}</arg>
<arg>${DCName}</arg>
</arguments>
<msg timestamp="20180719 15:52:35.377" level="INFO">Typing text 'DC Sukhumvit 25' into text field '//div/div/div[3]/div/div[3]/div/div[1]/input'.</msg>
<status status="PASS" starttime="20180719 15:52:35.376" endtime="20180719 15:52:35.758"></status>
</kw>
<kw name="Wait Until Element Is Visible" library="Selenium2Library">
<doc>Waits until element ``locator`` is visible.</doc>
<arguments>
<arg>${css_inputDCAddress}</arg>
<arg>5s</arg>
</arguments>
<status status="PASS" starttime="20180719 15:52:35.758" endtime="20180719 15:52:35.823"></status>
</kw>
<kw name="Click Element" library="Selenium2Library">
<doc>Click element identified by ``locator``.</doc>
<arguments>
<arg>${css_inputDCAddress}</arg>
</arguments>
<msg timestamp="20180719 15:52:35.824" level="INFO">Clicking element '//div/div/div[3]/div/div[3]/div/div[2]/textarea'.</msg>
<status status="PASS" starttime="20180719 15:52:35.823" endtime="20180719 15:52:35.936"></status>
</kw>
<kw name="Input Text" library="Selenium2Library">
<doc>Types the given ``text`` into text field identified by ``locator``.</doc>
<arguments>
<arg>${css_inputDCAddress}</arg>
<arg>${DCAddress}</arg>
</arguments>
<msg timestamp="20180719 15:52:35.937" level="INFO">Typing text 'Richmond Office Building Soi Sukhumvit 26 Khwaeng Khongton Khet Khongtei Bangkok 10110 (Test Create)' into text field '//div/div/div[3]/div/div[3]/div/div[2]/textarea'.</msg>
<status status="PASS" starttime="20180719 15:52:35.937" endtime="20180719 15:52:37.035"></status>
</kw>
<status status="PASS" starttime="20180719 15:52:35.225" endtime="20180719 15:52:37.035"></status>
</kw>
<kw name="SAVE btn">
[...]
</kw>
<status status="PASS" starttime="20180719 16:15:41.140" endtime="20180719 16:15:45.555"></status>
</kw>
<kw name="Search by click name">
<kw name="Wait Until Element Is Visible" library="Selenium2Library">
<doc>Waits until element ``locator`` is visible.</doc>
<arguments>
<arg>${DriverName4}</arg>
<arg>5s</arg>
</arguments>
<kw name="Capture Page Screenshot" library="Selenium2Library">
<doc>Takes screenshot of the current page and embeds it into log file.</doc>
<msg timestamp="20180719 16:15:55.799" level="INFO" html="yes">&lt;/td&gt;&lt;/tr&gt;&lt;tr&gt;&lt;td colspan="3"&gt;&lt;a href="selenium-screenshot-26.png"&gt;&lt;img src="selenium-screenshot-26.png" width="800px"&gt;&lt;/a&gt;</msg>
<status status="PASS" starttime="20180719 16:15:51.816" endtime="20180719 16:15:55.799"></status>
</kw>
<msg timestamp="20180719 16:15:55.802" level="FAIL">Element '//*[@id="driversPanel"]/table/tbody/tr[1]/td[2]' not visible after 5 seconds.</msg>
<status status="FAIL" starttime="20180719 16:15:45.557" endtime="20180719 16:15:55.803"></status>
</kw>
<status status="FAIL" starttime="20180719 16:15:45.557" endtime="20180719 16:15:55.803"></status>
</kw>
<status status="FAIL" starttime="20180719 16:15:28.681" endtime="20180719 16:15:55.805" critical="yes">Element '//*[@id="driversPanel"]/table/tbody/tr[1]/td[2]' not visible after 5 seconds.</status>
</test>
<kw name="Close All Browsers" library="Selenium2Library" type="teardown">
<doc>Closes all open browsers and resets the browser cache.</doc>
<status status="PASS" starttime="20180719 16:15:55.813" endtime="20180719 16:15:59.103"></status>
</kw>
<status status="FAIL" starttime="20180719 16:15:28.671" endtime="20180719 16:15:59.103"></status>
</suite>
<suite id="s1-s19" name="2stage-DataEntry" source="C:\Users\MP1CCTG4\Documents\QA_2stage\2stage-DataEntry.robot">
<test id="s1-s19-t1" name="2Stage website Data Entry">
<kw name="Login to 2Stage by">
<arguments>
<arg>${admin_username}</arg>
<arg>${admin_password}</arg>
</arguments>
<kw name="Open Browser" library="Selenium2Library">
<doc>Opens a new browser instance to the given ``url``.</doc>
<arguments>
<arg>${url_login}</arg>
<arg>chrome</arg>
</arguments>
<msg timestamp="20180719 16:15:59.125" level="INFO">Opening browser 'chrome' to base url 'https://staging.customer.sendit.asia/th/2stage/login'.</msg>
<status status="PASS" starttime="20180719 16:15:59.124" endtime="20180719 16:16:07.066"></status>
</kw>
<kw name="Maximize Browser Window" library="Selenium2Library">
<doc>Maximizes current browser window.</doc>
<status status="PASS" starttime="20180719 16:16:07.066" endtime="20180719 16:16:08.242"></status>
</kw>
<kw name="Element Should Be Visible" library="Selenium2Library">
<doc>Verifies that the element identified by ``locator`` is visible.</doc>
<arguments>
<arg>${css_login_modal}</arg>
<arg>5s</arg>
</arguments>
<msg timestamp="20180719 16:16:08.309" level="INFO">Element 'css=div.login-container__loginform___2rEJe' is displayed.</msg>
<status status="PASS" starttime="20180719 16:16:08.243" endtime="20180719 16:16:08.309"></status>
</kw>
<kw name="Input Text" library="Selenium2Library">
<doc>Types the given ``text`` into text field identified by ``locator``.</doc>
<arguments>
<arg>${css_username}</arg>
<arg>${username}</arg>
</arguments>
<msg timestamp="20180719 16:16:08.310" level="INFO">Typing text 'test_admin@sendit.asia' into text field '//div[1]/div/div/div/div[1]/input'.</msg>
<status status="PASS" starttime="20180719 16:16:08.309" endtime="20180719 16:16:08.526"></status>
</kw>
<kw name="Input Text" library="Selenium2Library">
<doc>Types the given ``text`` into text field identified by ``locator``.</doc>
<arguments>
<arg>${css_password}</arg>
<arg>${password}</arg>
</arguments>
<msg timestamp="20180719 16:16:08.526" level="INFO">Typing text 'sendit1234' into text field '//div[1]/div/div/div/div[2]/input'.</msg>
<status status="PASS" starttime="20180719 16:16:08.526" endtime="20180719 16:16:08.657"></status>
</kw>
<kw name="Sleep" library="BuiltIn">
<doc>Pauses the test executed for the given time.</doc>
<arguments>
<arg>3s</arg>
</arguments>
<msg timestamp="20180719 16:16:11.671" level="INFO">Slept 3 seconds</msg>
<status status="PASS" starttime="20180719 16:16:08.657" endtime="20180719 16:16:11.671"></status>
</kw>
<kw name="Click Element" library="Selenium2Library">
<doc>Click element identified by ``locator``.</doc>
<arguments>
<arg>${css_loginbtn}</arg>
</arguments>
<msg timestamp="20180719 16:16:11.672" level="INFO">Clicking element '//div[1]/div/div/div/div[3]/button'.</msg>
<status status="PASS" starttime="20180719 16:16:11.671" endtime="20180719 16:16:11.755"></status>
</kw>
<kw name="Sleep" library="BuiltIn">
<doc>Pauses the test executed for the given time.</doc>
<arguments>
<arg>1s</arg>
</arguments>
<msg timestamp="20180719 16:16:12.771" level="INFO">Slept 1 second</msg>
<status status="PASS" starttime="20180719 16:16:11.755" endtime="20180719 16:16:12.771"></status>
</kw>
<status status="PASS" starttime="20180719 16:15:59.123" endtime="20180719 16:16:12.771"></status>
</kw>
<kw name="Go to Data Entry page">
<kw name="Wait Until Element Is Visible" library="Selenium2Library">
<doc>Waits until element ``locator`` is visible.</doc>
<arguments>
<arg>${css_DataEntrybtn}</arg>
<arg>5s</arg>
</arguments>
<status status="PASS" starttime="20180719 16:16:12.771" endtime="20180719 16:16:13.432"></status>
</kw>
<kw name="Click Element" library="Selenium2Library">
<doc>Click element identified by ``locator``.</doc>
<arguments>
<arg>${css_DataEntrybtn}</arg>
</arguments>
<msg timestamp="20180719 16:16:13.432" level="INFO">Clicking element '//div/div/div[2]/ul/li[5]/a/i'.</msg>
<status status="PASS" starttime="20180719 16:16:13.432" endtime="20180719 16:16:13.599"></status>
</kw>
<status status="PASS" starttime="20180719 16:16:12.771" endtime="20180719 16:16:13.599"></status>
</kw>
<status status="PASS" starttime="20180719 16:15:59.122" endtime="20180719 16:16:13.600" critical="yes"></status>
</test>
<kw name="Close All Browsers" library="Selenium2Library" type="teardown">
<doc>Closes all open browsers and resets the browser cache.</doc>
<status status="PASS" starttime="20180719 16:16:13.604" endtime="20180719 16:16:16.731"></status>
</kw>
<status status="PASS" starttime="20180719 16:15:59.112" endtime="20180719 16:16:16.731"></status>
</suite>
<status status="FAIL" starttime="20180719 15:49:42.433" endtime="20180719 16:16:16.749"></status>
</suite>
<statistics>
<total>
<stat pass="21" fail="13">Critical Tests</stat>
<stat pass="21" fail="13">All Tests</stat>
</total>
<tag>
</tag>
<suite>
<stat pass="21" fail="13" id="s1" name="2stage-Home &amp; 2stage-LocationManagement-Courier &amp; 2stage-LocationManagement-DC &amp; 2stage-LocationManagement-MOBILE HUB &amp; 2stage-LocationManagement-Shop &amp; 2stage-LocationManagement-Warehouse &amp; 2stage-ParcelImport &amp; 2stage-ActiveDelivery &amp; 2stage-ActiveDelivery-CUSTOMER &amp; 2stage-ApproveTransfer &amp; 2stage-BagSummary &amp; 2stage-DataEntry &amp; 2stage-MoneySummary &amp; 2stage-Scaner &amp; 2stage-Sorting &amp; 2stage-Pickups &amp; 2stage-Driver &amp; 2stage-TrackingDriver &amp; 2stage-DataEntry">2stage-Home &amp; 2stage-LocationManagement-Courier &amp; 2stage-LocationManagement-DC &amp; 2stage-LocationManagement-MOBILE HUB &amp; 2stage-LocationManagement-Shop &amp; 2stage-LocationManagement-Warehouse &amp; 2stage-ParcelImport &amp; 2stage-ActiveDelivery &amp; 2stage-ActiveDelivery-CUSTOMER &amp; 2stage-ApproveTransfer &amp; 2stage-BagSummary &amp; 2stage-DataEntry &amp; 2stage-MoneySummary &amp; 2stage-Scaner &amp; 2stage-Sorting &amp; 2stage-Pickups &amp; 2stage-Driver &amp; 2stage-TrackingDriver &amp; 2stage-DataEntry</stat>
<stat pass="3" fail="0" id="s1-s1" name="2stage-Home">2stage-Home &amp; 2stage-LocationManagement-Courier &amp; 2stage-LocationManagement-DC &amp; 2stage-LocationManagement-MOBILE HUB &amp; 2stage-LocationManagement-Shop &amp; 2stage-LocationManagement-Warehouse &amp; 2stage-ParcelImport &amp; 2stage-ActiveDelivery &amp; 2stage-ActiveDelivery-CUSTOMER &amp; 2stage-ApproveTransfer &amp; 2stage-BagSummary &amp; 2stage-DataEntry &amp; 2stage-MoneySummary &amp; 2stage-Scaner &amp; 2stage-Sorting &amp; 2stage-Pickups &amp; 2stage-Driver &amp; 2stage-TrackingDriver &amp; 2stage-DataEntry.2stage-Home</stat>
<stat pass="2" fail="0" id="s1-s2" name="2stage-LocationManagement-Courier">2stage-Home &amp; 2stage-LocationManagement-Courier &amp; 2stage-LocationManagement-DC &amp; 2stage-LocationManagement-MOBILE HUB &amp; 2stage-LocationManagement-Shop &amp; 2stage-LocationManagement-Warehouse &amp; 2stage-ParcelImport &amp; 2stage-ActiveDelivery &amp; 2stage-ActiveDelivery-CUSTOMER &amp; 2stage-ApproveTransfer &amp; 2stage-BagSummary &amp; 2stage-DataEntry &amp; 2stage-MoneySummary &amp; 2stage-Scaner &amp; 2stage-Sorting &amp; 2stage-Pickups &amp; 2stage-Driver &amp; 2stage-TrackingDriver &amp; 2stage-DataEntry.2stage-LocationManagement-Courier</stat>
<stat pass="5" fail="4" id="s1-s3" name="2stage-LocationManagement-DC">2stage-Home &amp; 2stage-LocationManagement-Courier &amp; 2stage-LocationManagement-DC &amp; 2stage-LocationManagement-MOBILE HUB &amp; 2stage-LocationManagement-Shop &amp; 2stage-LocationManagement-Warehouse &amp; 2stage-ParcelImport &amp; 2stage-ActiveDelivery &amp; 2stage-ActiveDelivery-CUSTOMER &amp; 2stage-ApproveTransfer &amp; 2stage-BagSummary &amp; 2stage-DataEntry &amp; 2stage-MoneySummary &amp; 2stage-Scaner &amp; 2stage-Sorting &amp; 2stage-Pickups &amp; 2stage-Driver &amp; 2stage-TrackingDriver &amp; 2stage-DataEntry.2stage-LocationManagement-DC</stat>
<stat pass="2" fail="0" id="s1-s4" name="2stage-LocationManagement-MOBILE HUB">2stage-Home &amp; 2stage-LocationManagement-Courier &amp; 2stage-LocationManagement-DC &amp; 2stage-LocationManagement-MOBILE HUB &amp; 2stage-LocationManagement-Shop &amp; 2stage-LocationManagement-Warehouse &amp; 2stage-ParcelImport &amp; 2stage-ActiveDelivery &amp; 2stage-ActiveDelivery-CUSTOMER &amp; 2stage-ApproveTransfer &amp; 2stage-BagSummary &amp; 2stage-DataEntry &amp; 2stage-MoneySummary &amp; 2stage-Scaner &amp; 2stage-Sorting &amp; 2stage-Pickups &amp; 2stage-Driver &amp; 2stage-TrackingDriver &amp; 2stage-DataEntry.2stage-LocationManagement-MOBILE HUB</stat>
<stat pass="2" fail="0" id="s1-s5" name="2stage-LocationManagement-Shop">2stage-Home &amp; 2stage-LocationManagement-Courier &amp; 2stage-LocationManagement-DC &amp; 2stage-LocationManagement-MOBILE HUB &amp; 2stage-LocationManagement-Shop &amp; 2stage-LocationManagement-Warehouse &amp; 2stage-ParcelImport &amp; 2stage-ActiveDelivery &amp; 2stage-ActiveDelivery-CUSTOMER &amp; 2stage-ApproveTransfer &amp; 2stage-BagSummary &amp; 2stage-DataEntry &amp; 2stage-MoneySummary &amp; 2stage-Scaner &amp; 2stage-Sorting &amp; 2stage-Pickups &amp; 2stage-Driver &amp; 2stage-TrackingDriver &amp; 2stage-DataEntry.2stage-LocationManagement-Shop</stat>
<stat pass="2" fail="0" id="s1-s6" name="2stage-LocationManagement-Warehouse">2stage-Home &amp; 2stage-LocationManagement-Courier &amp; 2stage-LocationManagement-DC &amp; 2stage-LocationManagement-MOBILE HUB &amp; 2stage-LocationManagement-Shop &amp; 2stage-LocationManagement-Warehouse &amp; 2stage-ParcelImport &amp; 2stage-ActiveDelivery &amp; 2stage-ActiveDelivery-CUSTOMER &amp; 2stage-ApproveTransfer &amp; 2stage-BagSummary &amp; 2stage-DataEntry &amp; 2stage-MoneySummary &amp; 2stage-Scaner &amp; 2stage-Sorting &amp; 2stage-Pickups &amp; 2stage-Driver &amp; 2stage-TrackingDriver &amp; 2stage-DataEntry.2stage-LocationManagement-Warehouse</stat>
<stat pass="0" fail="1" id="s1-s7" name="2stage-ParcelImport">2stage-Home &amp; 2stage-LocationManagement-Courier &amp; 2stage-LocationManagement-DC &amp; 2stage-LocationManagement-MOBILE HUB &amp; 2stage-LocationManagement-Shop &amp; 2stage-LocationManagement-Warehouse &amp; 2stage-ParcelImport &amp; 2stage-ActiveDelivery &amp; 2stage-ActiveDelivery-CUSTOMER &amp; 2stage-ApproveTransfer &amp; 2stage-BagSummary &amp; 2stage-DataEntry &amp; 2stage-MoneySummary &amp; 2stage-Scaner &amp; 2stage-Sorting &amp; 2stage-Pickups &amp; 2stage-Driver &amp; 2stage-TrackingDriver &amp; 2stage-DataEntry.2stage-ParcelImport</stat>
<stat pass="1" fail="0" id="s1-s8" name="2stage-ActiveDelivery">2stage-Home &amp; 2stage-LocationManagement-Courier &amp; 2stage-LocationManagement-DC &amp; 2stage-LocationManagement-MOBILE HUB &amp; 2stage-LocationManagement-Shop &amp; 2stage-LocationManagement-Warehouse &amp; 2stage-ParcelImport &amp; 2stage-ActiveDelivery &amp; 2stage-ActiveDelivery-CUSTOMER &amp; 2stage-ApproveTransfer &amp; 2stage-BagSummary &amp; 2stage-DataEntry &amp; 2stage-MoneySummary &amp; 2stage-Scaner &amp; 2stage-Sorting &amp; 2stage-Pickups &amp; 2stage-Driver &amp; 2stage-TrackingDriver &amp; 2stage-DataEntry.2stage-ActiveDelivery</stat>
<stat pass="0" fail="1" id="s1-s9" name="2stage-ActiveDelivery-CUSTOMER">2stage-Home &amp; 2stage-LocationManagement-Courier &amp; 2stage-LocationManagement-DC &amp; 2stage-LocationManagement-MOBILE HUB &amp; 2stage-LocationManagement-Shop &amp; 2stage-LocationManagement-Warehouse &amp; 2stage-ParcelImport &amp; 2stage-ActiveDelivery &amp; 2stage-ActiveDelivery-CUSTOMER &amp; 2stage-ApproveTransfer &amp; 2stage-BagSummary &amp; 2stage-DataEntry &amp; 2stage-MoneySummary &amp; 2stage-Scaner &amp; 2stage-Sorting &amp; 2stage-Pickups &amp; 2stage-Driver &amp; 2stage-TrackingDriver &amp; 2stage-DataEntry.2stage-ActiveDelivery-CUSTOMER</stat>
<stat pass="0" fail="1" id="s1-s10" name="2stage-ApproveTransfer">2stage-Home &amp; 2stage-LocationManagement-Courier &amp; 2stage-LocationManagement-DC &amp; 2stage-LocationManagement-MOBILE HUB &amp; 2stage-LocationManagement-Shop &amp; 2stage-LocationManagement-Warehouse &amp; 2stage-ParcelImport &amp; 2stage-ActiveDelivery &amp; 2stage-ActiveDelivery-CUSTOMER &amp; 2stage-ApproveTransfer &amp; 2stage-BagSummary &amp; 2stage-DataEntry &amp; 2stage-MoneySummary &amp; 2stage-Scaner &amp; 2stage-Sorting &amp; 2stage-Pickups &amp; 2stage-Driver &amp; 2stage-TrackingDriver &amp; 2stage-DataEntry.2stage-ApproveTransfer</stat>
<stat pass="1" fail="0" id="s1-s11" name="2stage-BagSummary">2stage-Home &amp; 2stage-LocationManagement-Courier &amp; 2stage-LocationManagement-DC &amp; 2stage-LocationManagement-MOBILE HUB &amp; 2stage-LocationManagement-Shop &amp; 2stage-LocationManagement-Warehouse &amp; 2stage-ParcelImport &amp; 2stage-ActiveDelivery &amp; 2stage-ActiveDelivery-CUSTOMER &amp; 2stage-ApproveTransfer &amp; 2stage-BagSummary &amp; 2stage-DataEntry &amp; 2stage-MoneySummary &amp; 2stage-Scaner &amp; 2stage-Sorting &amp; 2stage-Pickups &amp; 2stage-Driver &amp; 2stage-TrackingDriver &amp; 2stage-DataEntry.2stage-BagSummary</stat>
<stat pass="1" fail="0" id="s1-s12" name="2stage-DataEntry">2stage-Home &amp; 2stage-LocationManagement-Courier &amp; 2stage-LocationManagement-DC &amp; 2stage-LocationManagement-MOBILE HUB &amp; 2stage-LocationManagement-Shop &amp; 2stage-LocationManagement-Warehouse &amp; 2stage-ParcelImport &amp; 2stage-ActiveDelivery &amp; 2stage-ActiveDelivery-CUSTOMER &amp; 2stage-ApproveTransfer &amp; 2stage-BagSummary &amp; 2stage-DataEntry &amp; 2stage-MoneySummary &amp; 2stage-Scaner &amp; 2stage-Sorting &amp; 2stage-Pickups &amp; 2stage-Driver &amp; 2stage-TrackingDriver &amp; 2stage-DataEntry.2stage-DataEntry</stat>
<stat pass="1" fail="0" id="s1-s13" name="2stage-MoneySummary">2stage-Home &amp; 2stage-LocationManagement-Courier &amp; 2stage-LocationManagement-DC &amp; 2stage-LocationManagement-MOBILE HUB &amp; 2stage-LocationManagement-Shop &amp; 2stage-LocationManagement-Warehouse &amp; 2stage-ParcelImport &amp; 2stage-ActiveDelivery &amp; 2stage-ActiveDelivery-CUSTOMER &amp; 2stage-ApproveTransfer &amp; 2stage-BagSummary &amp; 2stage-DataEntry &amp; 2stage-MoneySummary &amp; 2stage-Scaner &amp; 2stage-Sorting &amp; 2stage-Pickups &amp; 2stage-Driver &amp; 2stage-TrackingDriver &amp; 2stage-DataEntry.2stage-MoneySummary</stat>
<stat pass="0" fail="1" id="s1-s14" name="2stage-Scaner">2stage-Home &amp; 2stage-LocationManagement-Courier &amp; 2stage-LocationManagement-DC &amp; 2stage-LocationManagement-MOBILE HUB &amp; 2stage-LocationManagement-Shop &amp; 2stage-LocationManagement-Warehouse &amp; 2stage-ParcelImport &amp; 2stage-ActiveDelivery &amp; 2stage-ActiveDelivery-CUSTOMER &amp; 2stage-ApproveTransfer &amp; 2stage-BagSummary &amp; 2stage-DataEntry &amp; 2stage-MoneySummary &amp; 2stage-Scaner &amp; 2stage-Sorting &amp; 2stage-Pickups &amp; 2stage-Driver &amp; 2stage-TrackingDriver &amp; 2stage-DataEntry.2stage-Scaner</stat>
<stat pass="0" fail="1" id="s1-s15" name="2stage-Sorting">2stage-Home &amp; 2stage-LocationManagement-Courier &amp; 2stage-LocationManagement-DC &amp; 2stage-LocationManagement-MOBILE HUB &amp; 2stage-LocationManagement-Shop &amp; 2stage-LocationManagement-Warehouse &amp; 2stage-ParcelImport &amp; 2stage-ActiveDelivery &amp; 2stage-ActiveDelivery-CUSTOMER &amp; 2stage-ApproveTransfer &amp; 2stage-BagSummary &amp; 2stage-DataEntry &amp; 2stage-MoneySummary &amp; 2stage-Scaner &amp; 2stage-Sorting &amp; 2stage-Pickups &amp; 2stage-Driver &amp; 2stage-TrackingDriver &amp; 2stage-DataEntry.2stage-Sorting</stat>
<stat pass="0" fail="2" id="s1-s16" name="2stage-Pickups">2stage-Home &amp; 2stage-LocationManagement-Courier &amp; 2stage-LocationManagement-DC &amp; 2stage-LocationManagement-MOBILE HUB &amp; 2stage-LocationManagement-Shop &amp; 2stage-LocationManagement-Warehouse &amp; 2stage-ParcelImport &amp; 2stage-ActiveDelivery &amp; 2stage-ActiveDelivery-CUSTOMER &amp; 2stage-ApproveTransfer &amp; 2stage-BagSummary &amp; 2stage-DataEntry &amp; 2stage-MoneySummary &amp; 2stage-Scaner &amp; 2stage-Sorting &amp; 2stage-Pickups &amp; 2stage-Driver &amp; 2stage-TrackingDriver &amp; 2stage-DataEntry.2stage-Pickups</stat>
<stat pass="0" fail="1" id="s1-s17" name="2stage-Driver">2stage-Home &amp; 2stage-LocationManagement-Courier &amp; 2stage-LocationManagement-DC &amp; 2stage-LocationManagement-MOBILE HUB &amp; 2stage-LocationManagement-Shop &amp; 2stage-LocationManagement-Warehouse &amp; 2stage-ParcelImport &amp; 2stage-ActiveDelivery &amp; 2stage-ActiveDelivery-CUSTOMER &amp; 2stage-ApproveTransfer &amp; 2stage-BagSummary &amp; 2stage-DataEntry &amp; 2stage-MoneySummary &amp; 2stage-Scaner &amp; 2stage-Sorting &amp; 2stage-Pickups &amp; 2stage-Driver &amp; 2stage-TrackingDriver &amp; 2stage-DataEntry.2stage-Driver</stat>
<stat pass="0" fail="1" id="s1-s18" name="2stage-TrackingDriver">2stage-Home &amp; 2stage-LocationManagement-Courier &amp; 2stage-LocationManagement-DC &amp; 2stage-LocationManagement-MOBILE HUB &amp; 2stage-LocationManagement-Shop &amp; 2stage-LocationManagement-Warehouse &amp; 2stage-ParcelImport &amp; 2stage-ActiveDelivery &amp; 2stage-ActiveDelivery-CUSTOMER &amp; 2stage-ApproveTransfer &amp; 2stage-BagSummary &amp; 2stage-DataEntry &amp; 2stage-MoneySummary &amp; 2stage-Scaner &amp; 2stage-Sorting &amp; 2stage-Pickups &amp; 2stage-Driver &amp; 2stage-TrackingDriver &amp; 2stage-DataEntry.2stage-TrackingDriver</stat>
<stat pass="1" fail="0" id="s1-s19" name="2stage-DataEntry">2stage-Home &amp; 2stage-LocationManagement-Courier &amp; 2stage-LocationManagement-DC &amp; 2stage-LocationManagement-MOBILE HUB &amp; 2stage-LocationManagement-Shop &amp; 2stage-LocationManagement-Warehouse &amp; 2stage-ParcelImport &amp; 2stage-ActiveDelivery &amp; 2stage-ActiveDelivery-CUSTOMER &amp; 2stage-ApproveTransfer &amp; 2stage-BagSummary &amp; 2stage-DataEntry &amp; 2stage-MoneySummary &amp; 2stage-Scaner &amp; 2stage-Sorting &amp; 2stage-Pickups &amp; 2stage-Driver &amp; 2stage-TrackingDriver &amp; 2stage-DataEntry.2stage-DataEntry</stat>
</suite>
</statistics>
<errors>
</errors>
</robot>
